13:25:02:711  INFO 237240 --- [main] com.hmall.HMallApplication               : Starting HMallApplication using Java 11.0.19 on Carol with PID 237240 (D:\develop\javaproject\hmall\hm-service\target\classes started by 19667 in D:\develop\javaproject\hmall)
13:25:02:713 DEBUG 237240 --- [main] com.hmall.HMallApplication               : Running with Spring Boot v2.7.12, Spring v5.3.27
13:25:02:714  INFO 237240 --- [main] com.hmall.HMallApplication               : The following 1 profile is active: "local"
13:25:03:648  INFO 237240 --- [main] .s.d.r.c.RepositoryConfigurationDelegate : Multiple Spring Data modules found, entering strict repository configuration mode
13:25:03:651  INFO 237240 --- [main] .s.d.r.c.RepositoryConfigurationDelegate : Bootstrapping Spring Data Redis repositories in DEFAULT mode.
13:25:03:698  INFO 237240 --- [main] .s.d.r.c.RepositoryConfigurationDelegate : Finished Spring Data repository scanning in 27 ms. Found 0 Redis repository interfaces.
13:25:04:303  INFO 237240 --- [main] o.s.b.w.embedded.tomcat.TomcatWebServer  : Tomcat initialized with port(s): 8080 (http)
13:25:04:316  INFO 237240 --- [main] o.apache.catalina.core.StandardService   : Starting service [Tomcat]
13:25:04:317  INFO 237240 --- [main] org.apache.catalina.core.StandardEngine  : Starting Servlet engine: [Apache Tomcat/9.0.75]
13:25:04:528  INFO 237240 --- [main] o.a.c.c.C.[Tomcat].[localhost].[/]       : Initializing Spring embedded WebApplicationContext
13:25:04:528  INFO 237240 --- [main] w.s.c.ServletWebServerApplicationContext : Root WebApplicationContext: initialization completed in 1775 ms
13:25:07:743  INFO 237240 --- [main] pertySourcedRequestMappingHandlerMapping : Mapped URL path [/v2/api-docs] onto method [springfox.documentation.swagger2.web.Swagger2ControllerWebMvc#getDocumentation(String, HttpServletRequest)]
13:25:08:276  INFO 237240 --- [main] o.s.b.w.embedded.tomcat.TomcatWebServer  : Tomcat started on port(s): 8080 (http) with context path ''
13:25:08:277  INFO 237240 --- [main] d.s.w.p.DocumentationPluginsBootstrapper : Documentation plugins bootstrapped
13:25:08:280  INFO 237240 --- [main] d.s.w.p.DocumentationPluginsBootstrapper : Found 1 custom documentation plugin(s)
13:25:08:317  INFO 237240 --- [main] s.d.s.w.s.ApiListingReferenceScanner     : Scanning for api listing references
13:25:08:493  INFO 237240 --- [main] com.hmall.HMallApplication               : Started HMallApplication in 6.22 seconds (JVM running for 8.013)
13:25:15:183  INFO 237240 --- [http-nio-8080-exec-1] o.a.c.c.C.[Tomcat].[localhost].[/]       : Initializing Spring DispatcherServlet 'dispatcherServlet'
13:25:15:185  INFO 237240 --- [http-nio-8080-exec-1] o.s.web.servlet.DispatcherServlet        : Initializing Servlet 'dispatcherServlet'
13:25:15:187  INFO 237240 --- [http-nio-8080-exec-1] o.s.web.servlet.DispatcherServlet        : Completed initialization in 2 ms
13:25:15:341  INFO 237240 --- [http-nio-8080-exec-1] com.zaxxer.hikari.HikariDataSource       : HikariPool-1 - Starting...
13:25:15:650  INFO 237240 --- [http-nio-8080-exec-1] com.zaxxer.hikari.HikariDataSource       : HikariPool-1 - Start completed.
13:25:15:657 DEBUG 237240 --- [http-nio-8080-exec-1] c.h.m.ItemMapper.selectPage_mpCount      : ==>  Preparing: SELECT COUNT(*) FROM item WHERE (status = ?)
13:25:15:676 DEBUG 237240 --- [http-nio-8080-exec-1] c.h.m.ItemMapper.selectPage_mpCount      : ==> Parameters: 1(Integer)
13:25:15:733 DEBUG 237240 --- [http-nio-8080-exec-1] c.h.m.ItemMapper.selectPage_mpCount      : <==      Total: 1
13:25:15:746 DEBUG 237240 --- [http-nio-8080-exec-1] com.hmall.mapper.ItemMapper.selectPage   : ==>  Preparing: SELECT id, name, price, stock, image, category, brand, spec, sold, comment_count, isAD, status, create_time, update_time, creater, updater FROM item WHERE (status = ?) ORDER BY update_time DESC LIMIT ?
13:25:15:747 DEBUG 237240 --- [http-nio-8080-exec-1] com.hmall.mapper.ItemMapper.selectPage   : ==> Parameters: 1(Integer), 20(Long)
13:25:15:765 DEBUG 237240 --- [http-nio-8080-exec-1] com.hmall.mapper.ItemMapper.selectPage   : <==      Total: 20
13:25:19:986 DEBUG 237240 --- [http-nio-8080-exec-2] c.h.m.ItemMapper.selectPage_mpCount      : ==>  Preparing: SELECT COUNT(*) FROM item WHERE (status = ?)
13:25:19:987 DEBUG 237240 --- [http-nio-8080-exec-2] c.h.m.ItemMapper.selectPage_mpCount      : ==> Parameters: 1(Integer)
13:25:20:013 DEBUG 237240 --- [http-nio-8080-exec-2] c.h.m.ItemMapper.selectPage_mpCount      : <==      Total: 1
13:25:20:016 DEBUG 237240 --- [http-nio-8080-exec-2] com.hmall.mapper.ItemMapper.selectPage   : ==>  Preparing: SELECT id, name, price, stock, image, category, brand, spec, sold, comment_count, isAD, status, create_time, update_time, creater, updater FROM item WHERE (status = ?) ORDER BY update_time DESC LIMIT ?
13:25:20:016 DEBUG 237240 --- [http-nio-8080-exec-2] com.hmall.mapper.ItemMapper.selectPage   : ==> Parameters: 1(Integer), 20(Long)
13:25:20:021 DEBUG 237240 --- [http-nio-8080-exec-2] com.hmall.mapper.ItemMapper.selectPage   : <==      Total: 20
13:25:26:440 DEBUG 237240 --- [http-nio-8080-exec-3] com.hmall.mapper.UserMapper.selectOne    : ==>  Preparing: SELECT id,username,password,phone,create_time,update_time,status,balance FROM user WHERE (username = ?)
13:25:26:441 DEBUG 237240 --- [http-nio-8080-exec-3] com.hmall.mapper.UserMapper.selectOne    : ==> Parameters: Jack(String)
13:25:26:445 DEBUG 237240 --- [http-nio-8080-exec-3] com.hmall.mapper.UserMapper.selectOne    : <==      Total: 1
13:25:26:669 DEBUG 237240 --- [http-nio-8080-exec-4] c.h.m.ItemMapper.selectPage_mpCount      : ==>  Preparing: SELECT COUNT(*) FROM item WHERE (status = ?)
13:25:26:669 DEBUG 237240 --- [http-nio-8080-exec-4] c.h.m.ItemMapper.selectPage_mpCount      : ==> Parameters: 1(Integer)
13:25:26:702 DEBUG 237240 --- [http-nio-8080-exec-4] c.h.m.ItemMapper.selectPage_mpCount      : <==      Total: 1
13:25:26:704 DEBUG 237240 --- [http-nio-8080-exec-4] com.hmall.mapper.ItemMapper.selectPage   : ==>  Preparing: SELECT id, name, price, stock, image, category, brand, spec, sold, comment_count, isAD, status, create_time, update_time, creater, updater FROM item WHERE (status = ?) ORDER BY update_time DESC LIMIT ?
13:25:26:704 DEBUG 237240 --- [http-nio-8080-exec-4] com.hmall.mapper.ItemMapper.selectPage   : ==> Parameters: 1(Integer), 20(Long)
13:25:26:708 DEBUG 237240 --- [http-nio-8080-exec-4] com.hmall.mapper.ItemMapper.selectPage   : <==      Total: 20
13:25:27:978 DEBUG 237240 --- [http-nio-8080-exec-5] c.h.m.ItemMapper.selectPage_mpCount      : ==>  Preparing: SELECT COUNT(*) FROM item WHERE (status = ?)
13:25:27:979 DEBUG 237240 --- [http-nio-8080-exec-5] c.h.m.ItemMapper.selectPage_mpCount      : ==> Parameters: 1(Integer)
13:25:28:003 DEBUG 237240 --- [http-nio-8080-exec-5] c.h.m.ItemMapper.selectPage_mpCount      : <==      Total: 1
13:25:28:004 DEBUG 237240 --- [http-nio-8080-exec-5] com.hmall.mapper.ItemMapper.selectPage   : ==>  Preparing: SELECT id, name, price, stock, image, category, brand, spec, sold, comment_count, isAD, status, create_time, update_time, creater, updater FROM item WHERE (status = ?) ORDER BY update_time DESC LIMIT ?
13:25:28:005 DEBUG 237240 --- [http-nio-8080-exec-5] com.hmall.mapper.ItemMapper.selectPage   : ==> Parameters: 1(Integer), 20(Long)
13:25:28:009 DEBUG 237240 --- [http-nio-8080-exec-5] com.hmall.mapper.ItemMapper.selectPage   : <==      Total: 20
13:25:42:152 DEBUG 237240 --- [http-nio-8080-exec-6] com.hmall.mapper.CartMapper.selectCount  : ==>  Preparing: SELECT COUNT( * ) FROM cart WHERE (user_id = ? AND item_id = ?)
13:25:42:153 DEBUG 237240 --- [http-nio-8080-exec-6] com.hmall.mapper.CartMapper.selectCount  : ==> Parameters: 1(Long), 14741770661(Long)
13:25:42:156 DEBUG 237240 --- [http-nio-8080-exec-6] com.hmall.mapper.CartMapper.selectCount  : <==      Total: 1
13:25:42:158 DEBUG 237240 --- [http-nio-8080-exec-6] com.hmall.mapper.CartMapper.selectCount  : ==>  Preparing: SELECT COUNT( * ) FROM cart WHERE (user_id = ?)
13:25:42:158 DEBUG 237240 --- [http-nio-8080-exec-6] com.hmall.mapper.CartMapper.selectCount  : ==> Parameters: 1(Long)
13:25:42:161 DEBUG 237240 --- [http-nio-8080-exec-6] com.hmall.mapper.CartMapper.selectCount  : <==      Total: 1
13:25:42:165 DEBUG 237240 --- [http-nio-8080-exec-6] com.hmall.mapper.CartMapper.insert       : ==>  Preparing: INSERT INTO cart ( user_id, item_id, name, spec, price, image ) VALUES ( ?, ?, ?, ?, ?, ? )
13:25:42:166 DEBUG 237240 --- [http-nio-8080-exec-6] com.hmall.mapper.CartMapper.insert       : ==> Parameters: 1(Long), 14741770661(Long), 康佳（KONKA） LED49UC3 49英寸超薄曲面36核4K HDR人工智能电视(String), {}(String), 144600(Integer), https://m.360buyimg.com/mobilecms/s720x720_jfs/t16477/84/2032772431/400946/2887be91/5a912776N7e343ec3.jpg!q70.jpg.webp(String)
13:25:42:178 DEBUG 237240 --- [http-nio-8080-exec-6] com.hmall.mapper.CartMapper.insert       : <==    Updates: 1
13:25:42:307 DEBUG 237240 --- [http-nio-8080-exec-7] com.hmall.mapper.CartMapper.selectList   : ==>  Preparing: SELECT id,user_id,item_id,num,name,spec,price,image,create_time,update_time FROM cart WHERE (user_id = ?)
13:25:42:309 DEBUG 237240 --- [http-nio-8080-exec-7] com.hmall.mapper.CartMapper.selectList   : ==> Parameters: 1(Long)
13:25:42:311 DEBUG 237240 --- [http-nio-8080-exec-7] com.hmall.mapper.CartMapper.selectList   : <==      Total: 1
13:25:42:317 DEBUG 237240 --- [http-nio-8080-exec-7] c.h.mapper.ItemMapper.selectBatchIds     : ==>  Preparing: SELECT id,name,price,stock,image,category,brand,spec,sold,comment_count,isAD,status,create_time,update_time,creater,updater FROM item WHERE id IN ( ? )
13:25:42:318 DEBUG 237240 --- [http-nio-8080-exec-7] c.h.mapper.ItemMapper.selectBatchIds     : ==> Parameters: 14741770661(Long)
13:25:42:320 DEBUG 237240 --- [http-nio-8080-exec-7] c.h.mapper.ItemMapper.selectBatchIds     : <==      Total: 1
13:25:45:391 DEBUG 237240 --- [http-nio-8080-exec-8] com.hmall.mapper.CartMapper.selectCount  : ==>  Preparing: SELECT COUNT( * ) FROM cart WHERE (user_id = ? AND item_id = ?)
13:25:45:391 DEBUG 237240 --- [http-nio-8080-exec-8] com.hmall.mapper.CartMapper.selectCount  : ==> Parameters: 1(Long), 2120808(Long)
13:25:45:393 DEBUG 237240 --- [http-nio-8080-exec-8] com.hmall.mapper.CartMapper.selectCount  : <==      Total: 1
13:25:45:395 DEBUG 237240 --- [http-nio-8080-exec-8] com.hmall.mapper.CartMapper.selectCount  : ==>  Preparing: SELECT COUNT( * ) FROM cart WHERE (user_id = ?)
13:25:45:396 DEBUG 237240 --- [http-nio-8080-exec-8] com.hmall.mapper.CartMapper.selectCount  : ==> Parameters: 1(Long)
13:25:45:397 DEBUG 237240 --- [http-nio-8080-exec-8] com.hmall.mapper.CartMapper.selectCount  : <==      Total: 1
13:25:45:398 DEBUG 237240 --- [http-nio-8080-exec-8] com.hmall.mapper.CartMapper.insert       : ==>  Preparing: INSERT INTO cart ( user_id, item_id, name, spec, price, image ) VALUES ( ?, ?, ?, ?, ?, ? )
13:25:45:399 DEBUG 237240 --- [http-nio-8080-exec-8] com.hmall.mapper.CartMapper.insert       : ==> Parameters: 1(Long), 2120808(Long), 姬龙雪 guy laroche女包 GL经典手提包女牛皮大容量单肩包女欧美时尚包包女包GS1210001-06杏色(String), {}(String), 71800(Integer), https://m.360buyimg.com/mobilecms/s720x720_jfs/t30694/267/398774087/90954/6fc143cf/5bf25358N14dadbf7.jpg!q70.jpg.webp(String)
13:25:45:407 DEBUG 237240 --- [http-nio-8080-exec-8] com.hmall.mapper.CartMapper.insert       : <==    Updates: 1
13:25:45:478 DEBUG 237240 --- [http-nio-8080-exec-9] com.hmall.mapper.CartMapper.selectList   : ==>  Preparing: SELECT id,user_id,item_id,num,name,spec,price,image,create_time,update_time FROM cart WHERE (user_id = ?)
13:25:45:480 DEBUG 237240 --- [http-nio-8080-exec-9] com.hmall.mapper.CartMapper.selectList   : ==> Parameters: 1(Long)
13:25:45:482 DEBUG 237240 --- [http-nio-8080-exec-9] com.hmall.mapper.CartMapper.selectList   : <==      Total: 2
13:25:45:484 DEBUG 237240 --- [http-nio-8080-exec-9] c.h.mapper.ItemMapper.selectBatchIds     : ==>  Preparing: SELECT id,name,price,stock,image,category,brand,spec,sold,comment_count,isAD,status,create_time,update_time,creater,updater FROM item WHERE id IN ( ? , ? )
13:25:45:485 DEBUG 237240 --- [http-nio-8080-exec-9] c.h.mapper.ItemMapper.selectBatchIds     : ==> Parameters: 2120808(Long), 14741770661(Long)
13:25:45:487 DEBUG 237240 --- [http-nio-8080-exec-9] c.h.mapper.ItemMapper.selectBatchIds     : <==      Total: 2
13:25:57:083 DEBUG 237240 --- [http-nio-8080-exec-10] c.hmall.mapper.AddressMapper.selectList  : ==>  Preparing: SELECT id,user_id,province,city,town,mobile,street,contact,is_default,notes FROM address WHERE (user_id = ?)
13:25:57:084 DEBUG 237240 --- [http-nio-8080-exec-10] c.hmall.mapper.AddressMapper.selectList  : ==> Parameters: 1(Long)
13:25:57:088 DEBUG 237240 --- [http-nio-8080-exec-10] c.hmall.mapper.AddressMapper.selectList  : <==      Total: 4
13:25:58:749 DEBUG 237240 --- [http-nio-8080-exec-1] c.h.mapper.ItemMapper.selectBatchIds     : ==>  Preparing: SELECT id,name,price,stock,image,category,brand,spec,sold,comment_count,isAD,status,create_time,update_time,creater,updater FROM item WHERE id IN ( ? )
13:25:58:750 DEBUG 237240 --- [http-nio-8080-exec-1] c.h.mapper.ItemMapper.selectBatchIds     : ==> Parameters: 14741770661(Long)
13:25:58:752 DEBUG 237240 --- [http-nio-8080-exec-1] c.h.mapper.ItemMapper.selectBatchIds     : <==      Total: 1
13:25:58:757 DEBUG 237240 --- [http-nio-8080-exec-1] com.hmall.mapper.OrderMapper.insert      : ==>  Preparing: INSERT INTO `order` ( id, total_fee, payment_type, user_id, status ) VALUES ( ?, ?, ?, ?, ? )
13:25:58:757 DEBUG 237240 --- [http-nio-8080-exec-1] com.hmall.mapper.OrderMapper.insert      : ==> Parameters: 1827940531068858369(Long), 144600(Integer), 3(Integer), 1(Long), 1(Integer)
13:25:58:761 DEBUG 237240 --- [http-nio-8080-exec-1] com.hmall.mapper.OrderMapper.insert      : <==    Updates: 1
13:25:58:770 DEBUG 237240 --- [http-nio-8080-exec-1] c.hmall.mapper.OrderDetailMapper.insert  : ==>  Preparing: INSERT INTO order_detail ( order_id, item_id, num, name, spec, price, image ) VALUES ( ?, ?, ?, ?, ?, ?, ? )
13:25:58:771 DEBUG 237240 --- [http-nio-8080-exec-1] c.hmall.mapper.OrderDetailMapper.insert  : ==> Parameters: 1827940531068858369(Long), 14741770661(Long), 1(Integer), 康佳（KONKA） LED49UC3 49英寸超薄曲面36核4K HDR人工智能电视(String), {}(String), 144600(Integer), https://m.360buyimg.com/mobilecms/s720x720_jfs/t16477/84/2032772431/400946/2887be91/5a912776N7e343ec3.jpg!q70.jpg.webp(String)
13:25:58:778 DEBUG 237240 --- [http-nio-8080-exec-1] com.hmall.mapper.CartMapper.delete       : ==>  Preparing: DELETE FROM cart WHERE (user_id = ? AND item_id IN (?))
13:25:58:778 DEBUG 237240 --- [http-nio-8080-exec-1] com.hmall.mapper.CartMapper.delete       : ==> Parameters: 1(Long), 14741770661(Long)
13:25:58:782 DEBUG 237240 --- [http-nio-8080-exec-1] com.hmall.mapper.CartMapper.delete       : <==    Updates: 1
13:25:58:783 DEBUG 237240 --- [http-nio-8080-exec-1] com.hmall.mapper.ItemMapper.updateStock  : ==>  Preparing: UPDATE item SET stock = stock - ? WHERE id = ?
13:25:58:784 DEBUG 237240 --- [http-nio-8080-exec-1] com.hmall.mapper.ItemMapper.updateStock  : ==> Parameters: 1(Integer), 14741770661(Long)
13:25:58:886 DEBUG 237240 --- [http-nio-8080-exec-2] com.hmall.mapper.OrderMapper.selectById  : ==>  Preparing: SELECT id,total_fee,payment_type,user_id,status,create_time,pay_time,consign_time,end_time,close_time,comment_time,update_time FROM `order` WHERE id=?
13:25:58:887 DEBUG 237240 --- [http-nio-8080-exec-2] com.hmall.mapper.OrderMapper.selectById  : ==> Parameters: 1827940531068858369(Long)
13:25:58:889 DEBUG 237240 --- [http-nio-8080-exec-2] com.hmall.mapper.OrderMapper.selectById  : <==      Total: 1
13:25:58:922 DEBUG 237240 --- [http-nio-8080-exec-3] c.hmall.mapper.PayOrderMapper.selectOne  : ==>  Preparing: SELECT id,biz_order_no,pay_order_no,biz_user_id,pay_channel_code,amount,pay_type,status,expand_json,result_code,result_msg,pay_success_time,pay_over_time,qr_code_url,create_time,update_time,creater,updater,is_delete FROM pay_order WHERE (biz_order_no = ?)
13:25:58:923 DEBUG 237240 --- [http-nio-8080-exec-3] c.hmall.mapper.PayOrderMapper.selectOne  : ==> Parameters: 1827940531068858369(Long)
13:25:58:926 DEBUG 237240 --- [http-nio-8080-exec-3] c.hmall.mapper.PayOrderMapper.selectOne  : <==      Total: 0
13:25:58:932 DEBUG 237240 --- [http-nio-8080-exec-3] com.hmall.mapper.PayOrderMapper.insert   : ==>  Preparing: INSERT INTO pay_order ( id, biz_order_no, pay_order_no, biz_user_id, pay_channel_code, amount, pay_type, status, pay_over_time ) VALUES ( ?, ?, ?, ?, ?, ?, ?, ?, ? )
13:25:58:935 DEBUG 237240 --- [http-nio-8080-exec-3] com.hmall.mapper.PayOrderMapper.insert   : ==> Parameters: 1827940531756724226(Long), 1827940531068858369(Long), 1827940531756724225(Long), 1(Long), balance(String), 144600(Integer), 5(Integer), 1(Integer), 2024-08-26T15:25:58.927725200(LocalDateTime)
13:25:58:939 DEBUG 237240 --- [http-nio-8080-exec-3] com.hmall.mapper.PayOrderMapper.insert   : <==    Updates: 1
13:26:02:807 DEBUG 237240 --- [http-nio-8080-exec-4] c.h.mapper.PayOrderMapper.selectById     : ==>  Preparing: SELECT id,biz_order_no,pay_order_no,biz_user_id,pay_channel_code,amount,pay_type,status,expand_json,result_code,result_msg,pay_success_time,pay_over_time,qr_code_url,create_time,update_time,creater,updater,is_delete FROM pay_order WHERE id=?
13:26:02:807 DEBUG 237240 --- [http-nio-8080-exec-4] c.h.mapper.PayOrderMapper.selectById     : ==> Parameters: 1827940531756724226(Long)
13:26:02:810 DEBUG 237240 --- [http-nio-8080-exec-4] c.h.mapper.PayOrderMapper.selectById     : <==      Total: 1
13:26:02:811  INFO 237240 --- [http-nio-8080-exec-4] com.hmall.service.impl.UserServiceImpl   : 开始扣款
13:26:02:811 DEBUG 237240 --- [http-nio-8080-exec-4] com.hmall.mapper.UserMapper.selectById   : ==>  Preparing: SELECT id,username,password,phone,create_time,update_time,status,balance FROM user WHERE id=?
13:26:02:811 DEBUG 237240 --- [http-nio-8080-exec-4] com.hmall.mapper.UserMapper.selectById   : ==> Parameters: 1(Long)
13:26:02:813 DEBUG 237240 --- [http-nio-8080-exec-4] com.hmall.mapper.UserMapper.selectById   : <==      Total: 1
13:26:02:882 DEBUG 237240 --- [http-nio-8080-exec-4] com.hmall.mapper.UserMapper.updateMoney  : ==>  Preparing: update user set balance = balance - 144600 where id = ?
13:26:02:883 DEBUG 237240 --- [http-nio-8080-exec-4] com.hmall.mapper.UserMapper.updateMoney  : ==> Parameters: 1(Long)
13:26:02:886 DEBUG 237240 --- [http-nio-8080-exec-4] com.hmall.mapper.UserMapper.updateMoney  : <==    Updates: 1
13:26:02:886  INFO 237240 --- [http-nio-8080-exec-4] com.hmall.service.impl.UserServiceImpl   : 扣款成功
13:26:02:892 DEBUG 237240 --- [http-nio-8080-exec-4] com.hmall.mapper.PayOrderMapper.update   : ==>  Preparing: UPDATE pay_order SET status=?,pay_success_time=? WHERE (id = ? AND status IN (?,?))
13:26:02:893 DEBUG 237240 --- [http-nio-8080-exec-4] com.hmall.mapper.PayOrderMapper.update   : ==> Parameters: 3(Integer), 2024-08-26T13:26:02.887025100(LocalDateTime), 1827940531756724226(Long), 0(Integer), 1(Integer)
13:26:02:896 DEBUG 237240 --- [http-nio-8080-exec-4] com.hmall.mapper.PayOrderMapper.update   : <==    Updates: 1
13:26:02:900 DEBUG 237240 --- [http-nio-8080-exec-4] com.hmall.mapper.OrderMapper.updateById  : ==>  Preparing: UPDATE `order` SET status=?, pay_time=? WHERE id=?
13:26:02:900 DEBUG 237240 --- [http-nio-8080-exec-4] com.hmall.mapper.OrderMapper.updateById  : ==> Parameters: 2(Integer), 2024-08-26T13:26:02.896105700(LocalDateTime), 1827940531068858369(Long)
13:26:02:902 DEBUG 237240 --- [http-nio-8080-exec-4] com.hmall.mapper.OrderMapper.updateById  : <==    Updates: 1
13:26:02:993 DEBUG 237240 --- [http-nio-8080-exec-5] com.hmall.mapper.OrderMapper.selectById  : ==>  Preparing: SELECT id,total_fee,payment_type,user_id,status,create_time,pay_time,consign_time,end_time,close_time,comment_time,update_time FROM `order` WHERE id=?
13:26:02:993 DEBUG 237240 --- [http-nio-8080-exec-5] com.hmall.mapper.OrderMapper.selectById  : ==> Parameters: 1827940531068858369(Long)
13:26:02:995 DEBUG 237240 --- [http-nio-8080-exec-5] com.hmall.mapper.OrderMapper.selectById  : <==      Total: 1
13:26:09:311 DEBUG 237240 --- [http-nio-8080-exec-6] com.hmall.mapper.CartMapper.selectList   : ==>  Preparing: SELECT id,user_id,item_id,num,name,spec,price,image,create_time,update_time FROM cart WHERE (user_id = ?)
13:26:09:311 DEBUG 237240 --- [http-nio-8080-exec-6] com.hmall.mapper.CartMapper.selectList   : ==> Parameters: 1(Long)
13:26:09:313 DEBUG 237240 --- [http-nio-8080-exec-6] com.hmall.mapper.CartMapper.selectList   : <==      Total: 1
13:26:09:314 DEBUG 237240 --- [http-nio-8080-exec-6] c.h.mapper.ItemMapper.selectBatchIds     : ==>  Preparing: SELECT id,name,price,stock,image,category,brand,spec,sold,comment_count,isAD,status,create_time,update_time,creater,updater FROM item WHERE id IN ( ? )
13:26:09:314 DEBUG 237240 --- [http-nio-8080-exec-6] c.h.mapper.ItemMapper.selectBatchIds     : ==> Parameters: 2120808(Long)
13:26:09:316 DEBUG 237240 --- [http-nio-8080-exec-6] c.h.mapper.ItemMapper.selectBatchIds     : <==      Total: 1
