11:16:56:515  INFO 50576 --- [main] com.hmall.cart.CartApplication           : Starting CartApplication using Java 11.0.19 on Carol with PID 50576 (D:\develop\javaproject\hmall\cart-service\target\classes started by 19667 in D:\develop\javaproject\hmall)
11:16:56:521 DEBUG 50576 --- [main] com.hmall.cart.CartApplication           : Running with Spring Boot v2.7.12, Spring v5.3.27
11:16:56:521  INFO 50576 --- [main] com.hmall.cart.CartApplication           : The following 1 profile is active: "local"
11:16:57:537  INFO 50576 --- [main] .s.d.r.c.RepositoryConfigurationDelegate : Multiple Spring Data modules found, entering strict repository configuration mode
11:16:57:540  INFO 50576 --- [main] .s.d.r.c.RepositoryConfigurationDelegate : Bootstrapping Spring Data Redis repositories in DEFAULT mode.
11:16:57:576  INFO 50576 --- [main] .s.d.r.c.RepositoryConfigurationDelegate : Finished Spring Data repository scanning in 14 ms. Found 0 Redis repository interfaces.
11:16:57:901  INFO 50576 --- [main] o.s.cloud.context.scope.GenericScope     : BeanFactory id=5eedfd22-a846-3620-a82f-441ddd69eac4
11:16:58:359  INFO 50576 --- [main] o.s.b.w.embedded.tomcat.TomcatWebServer  : Tomcat initialized with port(s): 8082 (http)
11:16:58:371  INFO 50576 --- [main] o.apache.catalina.core.StandardService   : Starting service [Tomcat]
11:16:58:371  INFO 50576 --- [main] org.apache.catalina.core.StandardEngine  : Starting Servlet engine: [Apache Tomcat/9.0.75]
11:16:58:575  INFO 50576 --- [main] o.a.c.c.C.[Tomcat].[localhost].[/]       : Initializing Spring embedded WebApplicationContext
11:16:58:575  INFO 50576 --- [main] w.s.c.ServletWebServerApplicationContext : Root WebApplicationContext: initialization completed in 1999 ms
11:16:58:814  INFO 50576 --- [main] o.s.c.openfeign.FeignClientFactoryBean   : For 'item-service' URL not provided. Will try picking an instance via load-balancing.
11:17:05:329  INFO 50576 --- [main] o.s.cloud.commons.util.InetUtils         : Cannot determine local hostname
11:17:05:377  INFO 50576 --- [main] pertySourcedRequestMappingHandlerMapping : Mapped URL path [/v2/api-docs] onto method [springfox.documentation.swagger2.web.Swagger2ControllerWebMvc#getDocumentation(String, HttpServletRequest)]
11:17:08:428  INFO 50576 --- [main] o.s.cloud.commons.util.InetUtils         : Cannot determine local hostname
11:17:08:756  INFO 50576 --- [main] com.alibaba.nacos.common.remote.client   : [RpcClientFactory] create a new rpc client of 44363841-e2fa-40e2-a2bb-9a91b929c535
11:17:08:852  INFO 50576 --- [main] org.reflections.Reflections              : Reflections took 47 ms to scan 1 urls, producing 3 keys and 6 values 
11:17:08:898  INFO 50576 --- [main] org.reflections.Reflections              : Reflections took 13 ms to scan 1 urls, producing 4 keys and 9 values 
11:17:08:914  INFO 50576 --- [main] org.reflections.Reflections              : Reflections took 11 ms to scan 1 urls, producing 3 keys and 10 values 
11:17:08:919  WARN 50576 --- [main] org.reflections.Reflections              : given scan urls are empty. set urls in the configuration
11:17:08:930  INFO 50576 --- [main] org.reflections.Reflections              : Reflections took 9 ms to scan 1 urls, producing 1 keys and 5 values 
11:17:08:947  INFO 50576 --- [main] org.reflections.Reflections              : Reflections took 11 ms to scan 1 urls, producing 1 keys and 7 values 
11:17:08:962  INFO 50576 --- [main] org.reflections.Reflections              : Reflections took 10 ms to scan 1 urls, producing 2 keys and 8 values 
11:17:08:966  WARN 50576 --- [main] org.reflections.Reflections              : given scan urls are empty. set urls in the configuration
11:17:08:969  INFO 50576 --- [main] com.alibaba.nacos.common.remote.client   : [44363841-e2fa-40e2-a2bb-9a91b929c535] RpcClient init label, labels = {module=naming, source=sdk}
11:17:08:972  INFO 50576 --- [main] com.alibaba.nacos.common.remote.client   : [44363841-e2fa-40e2-a2bb-9a91b929c535] RpcClient init, ServerListFactory = com.alibaba.nacos.client.naming.core.ServerListManager
11:17:08:973  INFO 50576 --- [main] com.alibaba.nacos.common.remote.client   : [44363841-e2fa-40e2-a2bb-9a91b929c535] Registry connection listener to current client:com.alibaba.nacos.client.naming.remote.gprc.redo.NamingGrpcRedoService
11:17:08:974  INFO 50576 --- [main] com.alibaba.nacos.common.remote.client   : [44363841-e2fa-40e2-a2bb-9a91b929c535] Register server push request handler:com.alibaba.nacos.client.naming.remote.gprc.NamingPushRequestHandler
11:17:08:976  INFO 50576 --- [main] com.alibaba.nacos.common.remote.client   : [44363841-e2fa-40e2-a2bb-9a91b929c535] Try to connect to server on start up, server: {serverIp = '192.168.100.25', server main port = 8848}
11:17:14:430 ERROR 50576 --- [main] c.a.n.c.remote.client.grpc.GrpcClient    : Server check fail, please check server 192.168.100.25 ,port 9848 is available , error ={}

java.util.concurrent.TimeoutException: Waited 3000 milliseconds (plus 1 milliseconds, 642300 nanoseconds delay) for com.alibaba.nacos.shaded.io.grpc.stub.ClientCalls$GrpcFuture@1390a415[status=PENDING, info=[GrpcFuture{clientCall={delegate={delegate=ClientCallImpl{method=MethodDescriptor{fullMethodName=Request/request, type=UNARY, idempotent=false, safe=false, sampledToLocalTracing=true, requestMarshaller=com.alibaba.nacos.shaded.io.grpc.protobuf.lite.ProtoLiteUtils$MessageMarshaller@5d8a1456, responseMarshaller=com.alibaba.nacos.shaded.io.grpc.protobuf.lite.ProtoLiteUtils$MessageMarshaller@351fadfa, schemaDescriptor=com.alibaba.nacos.api.grpc.auto.RequestGrpc$RequestMethodDescriptorSupplier@7e1953f7}}}}}]]
	at com.alibaba.nacos.shaded.com.google.common.util.concurrent.AbstractFuture.get(AbstractFuture.java:508) ~[nacos-client-2.0.4.jar:na]
	at com.alibaba.nacos.common.remote.client.grpc.GrpcClient.serverCheck(GrpcClient.java:148) ~[nacos-client-2.0.4.jar:na]
	at com.alibaba.nacos.common.remote.client.grpc.GrpcClient.connectToServer(GrpcClient.java:264) ~[nacos-client-2.0.4.jar:na]
	at com.alibaba.nacos.common.remote.client.RpcClient.start(RpcClient.java:390) ~[nacos-client-2.0.4.jar:na]
	at com.alibaba.nacos.client.naming.remote.gprc.NamingGrpcClientProxy.start(NamingGrpcClientProxy.java:96) ~[nacos-client-2.0.4.jar:na]
	at com.alibaba.nacos.client.naming.remote.gprc.NamingGrpcClientProxy.<init>(NamingGrpcClientProxy.java:89) ~[nacos-client-2.0.4.jar:na]
	at com.alibaba.nacos.client.naming.remote.NamingClientProxyDelegate.<init>(NamingClientProxyDelegate.java:76) ~[nacos-client-2.0.4.jar:na]
	at com.alibaba.nacos.client.naming.NacosNamingService.init(NacosNamingService.java:95) ~[nacos-client-2.0.4.jar:na]
	at com.alibaba.nacos.client.naming.NacosNamingService.<init>(NacosNamingService.java:81) ~[nacos-client-2.0.4.jar:na]
	at java.base/jdk.internal.reflect.NativeConstructorAccessorImpl.newInstance0(Native Method) ~[na:na]
	at java.base/jdk.internal.reflect.NativeConstructorAccessorImpl.newInstance(NativeConstructorAccessorImpl.java:62) ~[na:na]
	at java.base/jdk.internal.reflect.DelegatingConstructorAccessorImpl.newInstance(DelegatingConstructorAccessorImpl.java:45) ~[na:na]
	at java.base/java.lang.reflect.Constructor.newInstance(Constructor.java:490) ~[na:na]
	at com.alibaba.nacos.api.naming.NamingFactory.createNamingService(NamingFactory.java:59) ~[nacos-client-2.0.4.jar:na]
	at com.alibaba.nacos.api.NacosFactory.createNamingService(NacosFactory.java:77) ~[nacos-client-2.0.4.jar:na]
	at com.alibaba.cloud.nacos.NacosServiceManager.createNewNamingService(NacosServiceManager.java:99) ~[spring-cloud-starter-alibaba-nacos-discovery-2021.0.4.0.jar:2021.0.4.0]
	at com.alibaba.cloud.nacos.NacosServiceManager.buildNamingService(NacosServiceManager.java:90) ~[spring-cloud-starter-alibaba-nacos-discovery-2021.0.4.0.jar:2021.0.4.0]
	at com.alibaba.cloud.nacos.NacosServiceManager.getNamingService(NacosServiceManager.java:46) ~[spring-cloud-starter-alibaba-nacos-discovery-2021.0.4.0.jar:2021.0.4.0]
	at com.alibaba.cloud.nacos.discovery.NacosWatch.start(NacosWatch.java:130) ~[spring-cloud-starter-alibaba-nacos-discovery-2021.0.4.0.jar:2021.0.4.0]
	at org.springframework.context.support.DefaultLifecycleProcessor.doStart(DefaultLifecycleProcessor.java:178) ~[spring-context-5.3.27.jar:5.3.27]
	at org.springframework.context.support.DefaultLifecycleProcessor.access$200(DefaultLifecycleProcessor.java:54) ~[spring-context-5.3.27.jar:5.3.27]
	at org.springframework.context.support.DefaultLifecycleProcessor$LifecycleGroup.start(DefaultLifecycleProcessor.java:356) ~[spring-context-5.3.27.jar:5.3.27]
	at java.base/java.lang.Iterable.forEach(Iterable.java:75) ~[na:na]
	at org.springframework.context.support.DefaultLifecycleProcessor.startBeans(DefaultLifecycleProcessor.java:155) ~[spring-context-5.3.27.jar:5.3.27]
	at org.springframework.context.support.DefaultLifecycleProcessor.onRefresh(DefaultLifecycleProcessor.java:123) ~[spring-context-5.3.27.jar:5.3.27]
	at org.springframework.context.support.AbstractApplicationContext.finishRefresh(AbstractApplicationContext.java:937) ~[spring-context-5.3.27.jar:5.3.27]
	at org.springframework.context.support.AbstractApplicationContext.refresh(AbstractApplicationContext.java:586) ~[spring-context-5.3.27.jar:5.3.27]
	at org.springframework.boot.web.servlet.context.ServletWebServerApplicationContext.refresh(ServletWebServerApplicationContext.java:147) ~[spring-boot-2.7.12.jar:2.7.12]
	at org.springframework.boot.SpringApplication.refresh(SpringApplication.java:731) ~[spring-boot-2.7.12.jar:2.7.12]
	at org.springframework.boot.SpringApplication.refreshContext(SpringApplication.java:408) ~[spring-boot-2.7.12.jar:2.7.12]
	at org.springframework.boot.SpringApplication.run(SpringApplication.java:307) ~[spring-boot-2.7.12.jar:2.7.12]
	at org.springframework.boot.SpringApplication.run(SpringApplication.java:1303) ~[spring-boot-2.7.12.jar:2.7.12]
	at org.springframework.boot.SpringApplication.run(SpringApplication.java:1292) ~[spring-boot-2.7.12.jar:2.7.12]
	at com.hmall.cart.CartApplication.main(CartApplication.java:15) ~[classes/:na]

11:17:14:444  INFO 50576 --- [main] com.alibaba.nacos.common.remote.client   : [44363841-e2fa-40e2-a2bb-9a91b929c535] Try to connect to server on start up, server: {serverIp = '192.168.100.25', server main port = 8848}
11:17:14:945  INFO 50576 --- [main] com.alibaba.nacos.common.remote.client   : [44363841-e2fa-40e2-a2bb-9a91b929c535] Success to connect to server [192.168.100.25:8848] on start up, connectionId = 1724815036054_192.168.100.18_3736
11:17:14:947  INFO 50576 --- [com.alibaba.nacos.client.remote.worker] com.alibaba.nacos.common.remote.client   : [44363841-e2fa-40e2-a2bb-9a91b929c535] Notify connected event to listeners.
11:17:14:948  INFO 50576 --- [main] com.alibaba.nacos.common.remote.client   : [44363841-e2fa-40e2-a2bb-9a91b929c535] Register server push request handler:com.alibaba.nacos.common.remote.client.RpcClient$ConnectResetRequestHandler
11:17:14:949  INFO 50576 --- [main] com.alibaba.nacos.common.remote.client   : [44363841-e2fa-40e2-a2bb-9a91b929c535] Register server push request handler:com.alibaba.nacos.common.remote.client.RpcClient$$Lambda$1130/0x00000008007e4c40
11:17:15:173  INFO 50576 --- [main] o.s.b.w.embedded.tomcat.TomcatWebServer  : Tomcat started on port(s): 8082 (http) with context path ''
11:17:15:259  INFO 50576 --- [main] c.a.c.n.registry.NacosServiceRegistry    : nacos registry, DEFAULT_GROUP cart-service 192.168.220.1:8082 register finished
11:17:16:337  INFO 50576 --- [nacos-grpc-client-executor-12] com.alibaba.nacos.common.remote.client   : [44363841-e2fa-40e2-a2bb-9a91b929c535] Receive server push request, request = NotifySubscriberRequest, requestId = 1
11:17:16:340  INFO 50576 --- [nacos-grpc-client-executor-12] com.alibaba.nacos.common.remote.client   : [44363841-e2fa-40e2-a2bb-9a91b929c535] Ack server push request, request = NotifySubscriberRequest, requestId = 1
11:17:18:278  INFO 50576 --- [main] o.s.cloud.commons.util.InetUtils         : Cannot determine local hostname
11:17:18:279  INFO 50576 --- [main] d.s.w.p.DocumentationPluginsBootstrapper : Documentation plugins bootstrapped
11:17:18:284  INFO 50576 --- [main] d.s.w.p.DocumentationPluginsBootstrapper : Found 1 custom documentation plugin(s)
11:17:18:328  INFO 50576 --- [main] s.d.s.w.s.ApiListingReferenceScanner     : Scanning for api listing references
11:17:18:476  INFO 50576 --- [main] com.hmall.cart.CartApplication           : Started CartApplication in 24.652 seconds (JVM running for 26.247)
11:21:50:369  INFO 50576 --- [http-nio-8082-exec-1] o.a.c.c.C.[Tomcat].[localhost].[/]       : Initializing Spring DispatcherServlet 'dispatcherServlet'
11:21:50:372  INFO 50576 --- [http-nio-8082-exec-1] o.s.web.servlet.DispatcherServlet        : Initializing Servlet 'dispatcherServlet'
11:21:50:390  INFO 50576 --- [http-nio-8082-exec-1] o.s.web.servlet.DispatcherServlet        : Completed initialization in 18 ms
11:21:50:584  INFO 50576 --- [http-nio-8082-exec-1] com.zaxxer.hikari.HikariDataSource       : HikariPool-1 - Starting...
11:21:50:858  INFO 50576 --- [http-nio-8082-exec-1] com.zaxxer.hikari.HikariDataSource       : HikariPool-1 - Start completed.
11:21:50:867 DEBUG 50576 --- [http-nio-8082-exec-1] c.h.cart.mapper.CartMapper.selectList    : ==>  Preparing: SELECT id,user_id,item_id,num,name,spec,price,image,create_time,update_time FROM cart WHERE (user_id = ?)
11:21:50:890 DEBUG 50576 --- [http-nio-8082-exec-1] c.h.cart.mapper.CartMapper.selectList    : ==> Parameters: 1(Long)
11:21:50:925 DEBUG 50576 --- [http-nio-8082-exec-1] c.h.cart.mapper.CartMapper.selectList    : <==      Total: 1
11:21:51:904  INFO 50576 --- [nacos-grpc-client-executor-93] com.alibaba.nacos.common.remote.client   : [44363841-e2fa-40e2-a2bb-9a91b929c535] Receive server push request, request = NotifySubscriberRequest, requestId = 15
11:21:51:905  INFO 50576 --- [nacos-grpc-client-executor-93] com.alibaba.nacos.common.remote.client   : [44363841-e2fa-40e2-a2bb-9a91b929c535] Ack server push request, request = NotifySubscriberRequest, requestId = 15
11:21:56:888 DEBUG 50576 --- [http-nio-8082-exec-2] c.h.cart.mapper.CartMapper.selectList    : ==>  Preparing: SELECT id,user_id,item_id,num,name,spec,price,image,create_time,update_time FROM cart WHERE (user_id = ?)
11:21:56:888 DEBUG 50576 --- [http-nio-8082-exec-2] c.h.cart.mapper.CartMapper.selectList    : ==> Parameters: 1(Long)
11:21:56:891 DEBUG 50576 --- [http-nio-8082-exec-2] c.h.cart.mapper.CartMapper.selectList    : <==      Total: 1
11:21:57:596 DEBUG 50576 --- [http-nio-8082-exec-3] c.h.cart.mapper.CartMapper.selectList    : ==>  Preparing: SELECT id,user_id,item_id,num,name,spec,price,image,create_time,update_time FROM cart WHERE (user_id = ?)
11:21:57:597 DEBUG 50576 --- [http-nio-8082-exec-3] c.h.cart.mapper.CartMapper.selectList    : ==> Parameters: 1(Long)
11:21:57:599 DEBUG 50576 --- [http-nio-8082-exec-3] c.h.cart.mapper.CartMapper.selectList    : <==      Total: 1
11:22:00:402 DEBUG 50576 --- [http-nio-8082-exec-4] c.h.cart.mapper.CartMapper.selectList    : ==>  Preparing: SELECT id,user_id,item_id,num,name,spec,price,image,create_time,update_time FROM cart WHERE (user_id = ?)
11:22:00:404 DEBUG 50576 --- [http-nio-8082-exec-4] c.h.cart.mapper.CartMapper.selectList    : ==> Parameters: 1(Long)
11:22:00:408 DEBUG 50576 --- [http-nio-8082-exec-4] c.h.cart.mapper.CartMapper.selectList    : <==      Total: 1
