11:17:06:901  INFO 56564 --- [main] com.hmall.item.ItemApplication           : Starting ItemApplication using Java 11.0.19 on Carol with PID 56564 (D:\develop\javaproject\hmall\item-service\target\classes started by 19667 in D:\develop\javaproject\hmall)
11:17:06:907 DEBUG 56564 --- [main] com.hmall.item.ItemApplication           : Running with Spring Boot v2.7.12, Spring v5.3.27
11:17:06:908  INFO 56564 --- [main] com.hmall.item.ItemApplication           : The following 1 profile is active: "local"
11:17:08:239  INFO 56564 --- [main] .s.d.r.c.RepositoryConfigurationDelegate : Multiple Spring Data modules found, entering strict repository configuration mode
11:17:08:243  INFO 56564 --- [main] .s.d.r.c.RepositoryConfigurationDelegate : Bootstrapping Spring Data Redis repositories in DEFAULT mode.
11:17:08:284  INFO 56564 --- [main] .s.d.r.c.RepositoryConfigurationDelegate : Finished Spring Data repository scanning in 15 ms. Found 0 Redis repository interfaces.
11:17:08:697  INFO 56564 --- [main] o.s.cloud.context.scope.GenericScope     : BeanFactory id=29b22938-8a52-3887-9be7-ce8fc9bd8af1
11:17:09:343  INFO 56564 --- [main] o.s.b.w.embedded.tomcat.TomcatWebServer  : Tomcat initialized with port(s): 8081 (http)
11:17:09:356  INFO 56564 --- [main] o.apache.catalina.core.StandardService   : Starting service [Tomcat]
11:17:09:357  INFO 56564 --- [main] org.apache.catalina.core.StandardEngine  : Starting Servlet engine: [Apache Tomcat/9.0.75]
11:17:09:582  INFO 56564 --- [main] o.a.c.c.C.[Tomcat].[localhost].[/]       : Initializing Spring embedded WebApplicationContext
11:17:09:582  INFO 56564 --- [main] w.s.c.ServletWebServerApplicationContext : Root WebApplicationContext: initialization completed in 2622 ms
11:17:10:088  INFO 57156 --- [main] com.hmall.item.ItemApplication           : Starting ItemApplication using Java 11.0.19 on Carol with PID 57156 (D:\develop\javaproject\hmall\item-service\target\classes started by 19667 in D:\develop\javaproject\hmall)
11:17:10:091 DEBUG 57156 --- [main] com.hmall.item.ItemApplication           : Running with Spring Boot v2.7.12, Spring v5.3.27
11:17:10:092  INFO 57156 --- [main] com.hmall.item.ItemApplication           : The following 1 profile is active: "local"
11:17:11:459  INFO 57156 --- [main] .s.d.r.c.RepositoryConfigurationDelegate : Multiple Spring Data modules found, entering strict repository configuration mode
11:17:11:464  INFO 57156 --- [main] .s.d.r.c.RepositoryConfigurationDelegate : Bootstrapping Spring Data Redis repositories in DEFAULT mode.
11:17:11:505  INFO 57156 --- [main] .s.d.r.c.RepositoryConfigurationDelegate : Finished Spring Data repository scanning in 15 ms. Found 0 Redis repository interfaces.
11:17:11:866  INFO 57156 --- [main] o.s.cloud.context.scope.GenericScope     : BeanFactory id=29b22938-8a52-3887-9be7-ce8fc9bd8af1
11:17:12:321  INFO 57156 --- [main] o.s.b.w.embedded.tomcat.TomcatWebServer  : Tomcat initialized with port(s): 8083 (http)
11:17:12:333  INFO 57156 --- [main] o.apache.catalina.core.StandardService   : Starting service [Tomcat]
11:17:12:334  INFO 57156 --- [main] org.apache.catalina.core.StandardEngine  : Starting Servlet engine: [Apache Tomcat/9.0.75]
11:17:12:528  INFO 57156 --- [main] o.a.c.c.C.[Tomcat].[localhost].[/]       : Initializing Spring embedded WebApplicationContext
11:17:12:529  INFO 57156 --- [main] w.s.c.ServletWebServerApplicationContext : Root WebApplicationContext: initialization completed in 2385 ms
11:17:18:324  INFO 56564 --- [main] o.s.cloud.commons.util.InetUtils         : Cannot determine local hostname
11:17:18:381  INFO 56564 --- [main] pertySourcedRequestMappingHandlerMapping : Mapped URL path [/v2/api-docs] onto method [springfox.documentation.swagger2.web.Swagger2ControllerWebMvc#getDocumentation(String, HttpServletRequest)]
11:17:22:009  INFO 57156 --- [main] o.s.cloud.commons.util.InetUtils         : Cannot determine local hostname
11:17:22:045  INFO 57156 --- [main] pertySourcedRequestMappingHandlerMapping : Mapped URL path [/v2/api-docs] onto method [springfox.documentation.swagger2.web.Swagger2ControllerWebMvc#getDocumentation(String, HttpServletRequest)]
11:17:22:301  INFO 56564 --- [main] o.s.cloud.commons.util.InetUtils         : Cannot determine local hostname
11:17:22:561  INFO 56564 --- [main] com.alibaba.nacos.common.remote.client   : [RpcClientFactory] create a new rpc client of 71950fad-9501-4a06-aa3e-4836b7e3faf7
11:17:22:634  INFO 56564 --- [main] org.reflections.Reflections              : Reflections took 33 ms to scan 1 urls, producing 3 keys and 6 values 
11:17:22:676  INFO 56564 --- [main] org.reflections.Reflections              : Reflections took 11 ms to scan 1 urls, producing 4 keys and 9 values 
11:17:22:690  INFO 56564 --- [main] org.reflections.Reflections              : Reflections took 10 ms to scan 1 urls, producing 3 keys and 10 values 
11:17:22:695  WARN 56564 --- [main] org.reflections.Reflections              : given scan urls are empty. set urls in the configuration
11:17:22:704  INFO 56564 --- [main] org.reflections.Reflections              : Reflections took 9 ms to scan 1 urls, producing 1 keys and 5 values 
11:17:22:718  INFO 56564 --- [main] org.reflections.Reflections              : Reflections took 9 ms to scan 1 urls, producing 1 keys and 7 values 
11:17:22:731  INFO 56564 --- [main] org.reflections.Reflections              : Reflections took 9 ms to scan 1 urls, producing 2 keys and 8 values 
11:17:22:734  WARN 56564 --- [main] org.reflections.Reflections              : given scan urls are empty. set urls in the configuration
11:17:22:736  INFO 56564 --- [main] com.alibaba.nacos.common.remote.client   : [71950fad-9501-4a06-aa3e-4836b7e3faf7] RpcClient init label, labels = {module=naming, source=sdk}
11:17:22:739  INFO 56564 --- [main] com.alibaba.nacos.common.remote.client   : [71950fad-9501-4a06-aa3e-4836b7e3faf7] RpcClient init, ServerListFactory = com.alibaba.nacos.client.naming.core.ServerListManager
11:17:22:740  INFO 56564 --- [main] com.alibaba.nacos.common.remote.client   : [71950fad-9501-4a06-aa3e-4836b7e3faf7] Registry connection listener to current client:com.alibaba.nacos.client.naming.remote.gprc.redo.NamingGrpcRedoService
11:17:22:741  INFO 56564 --- [main] com.alibaba.nacos.common.remote.client   : [71950fad-9501-4a06-aa3e-4836b7e3faf7] Register server push request handler:com.alibaba.nacos.client.naming.remote.gprc.NamingPushRequestHandler
11:17:22:744  INFO 56564 --- [main] com.alibaba.nacos.common.remote.client   : [71950fad-9501-4a06-aa3e-4836b7e3faf7] Try to connect to server on start up, server: {serverIp = '192.168.100.25', server main port = 8848}
11:17:24:876  INFO 57156 --- [main] o.s.cloud.commons.util.InetUtils         : Cannot determine local hostname
11:17:25:113  INFO 57156 --- [main] com.alibaba.nacos.common.remote.client   : [RpcClientFactory] create a new rpc client of 576b9032-dc07-432e-b89f-ec5461c318f6
11:17:25:221  INFO 57156 --- [main] org.reflections.Reflections              : Reflections took 73 ms to scan 1 urls, producing 3 keys and 6 values 
11:17:25:258  INFO 57156 --- [main] org.reflections.Reflections              : Reflections took 14 ms to scan 1 urls, producing 4 keys and 9 values 
11:17:25:273  INFO 57156 --- [main] org.reflections.Reflections              : Reflections took 10 ms to scan 1 urls, producing 3 keys and 10 values 
11:17:25:278  WARN 57156 --- [main] org.reflections.Reflections              : given scan urls are empty. set urls in the configuration
11:17:25:290  INFO 57156 --- [main] org.reflections.Reflections              : Reflections took 11 ms to scan 1 urls, producing 1 keys and 5 values 
11:17:25:304  INFO 57156 --- [main] org.reflections.Reflections              : Reflections took 10 ms to scan 1 urls, producing 1 keys and 7 values 
11:17:25:319  INFO 57156 --- [main] org.reflections.Reflections              : Reflections took 11 ms to scan 1 urls, producing 2 keys and 8 values 
11:17:25:323  WARN 57156 --- [main] org.reflections.Reflections              : given scan urls are empty. set urls in the configuration
11:17:25:325  INFO 57156 --- [main] com.alibaba.nacos.common.remote.client   : [576b9032-dc07-432e-b89f-ec5461c318f6] RpcClient init label, labels = {module=naming, source=sdk}
11:17:25:328  INFO 57156 --- [main] com.alibaba.nacos.common.remote.client   : [576b9032-dc07-432e-b89f-ec5461c318f6] RpcClient init, ServerListFactory = com.alibaba.nacos.client.naming.core.ServerListManager
11:17:25:328  INFO 57156 --- [main] com.alibaba.nacos.common.remote.client   : [576b9032-dc07-432e-b89f-ec5461c318f6] Registry connection listener to current client:com.alibaba.nacos.client.naming.remote.gprc.redo.NamingGrpcRedoService
11:17:25:329  INFO 57156 --- [main] com.alibaba.nacos.common.remote.client   : [576b9032-dc07-432e-b89f-ec5461c318f6] Register server push request handler:com.alibaba.nacos.client.naming.remote.gprc.NamingPushRequestHandler
11:17:25:331  INFO 57156 --- [main] com.alibaba.nacos.common.remote.client   : [576b9032-dc07-432e-b89f-ec5461c318f6] Try to connect to server on start up, server: {serverIp = '192.168.100.25', server main port = 8848}
11:17:27:552 ERROR 56564 --- [main] c.a.n.c.remote.client.grpc.GrpcClient    : Server check fail, please check server 192.168.100.25 ,port 9848 is available , error ={}

java.util.concurrent.TimeoutException: Waited 3000 milliseconds (plus 9 milliseconds, 567100 nanoseconds delay) for com.alibaba.nacos.shaded.io.grpc.stub.ClientCalls$GrpcFuture@27691ee8[status=PENDING, info=[GrpcFuture{clientCall={delegate={delegate=ClientCallImpl{method=MethodDescriptor{fullMethodName=Request/request, type=UNARY, idempotent=false, safe=false, sampledToLocalTracing=true, requestMarshaller=com.alibaba.nacos.shaded.io.grpc.protobuf.lite.ProtoLiteUtils$MessageMarshaller@1ddc889b, responseMarshaller=com.alibaba.nacos.shaded.io.grpc.protobuf.lite.ProtoLiteUtils$MessageMarshaller@5ec3689b, schemaDescriptor=com.alibaba.nacos.api.grpc.auto.RequestGrpc$RequestMethodDescriptorSupplier@7c0a6f62}}}}}]]
	at com.alibaba.nacos.shaded.com.google.common.util.concurrent.AbstractFuture.get(AbstractFuture.java:508) ~[nacos-client-2.0.4.jar:na]
	at com.alibaba.nacos.common.remote.client.grpc.GrpcClient.serverCheck(GrpcClient.java:148) ~[nacos-client-2.0.4.jar:na]
	at com.alibaba.nacos.common.remote.client.grpc.GrpcClient.connectToServer(GrpcClient.java:264) ~[nacos-client-2.0.4.jar:na]
	at com.alibaba.nacos.common.remote.client.RpcClient.start(RpcClient.java:390) ~[nacos-client-2.0.4.jar:na]
	at com.alibaba.nacos.client.naming.remote.gprc.NamingGrpcClientProxy.start(NamingGrpcClientProxy.java:96) ~[nacos-client-2.0.4.jar:na]
	at com.alibaba.nacos.client.naming.remote.gprc.NamingGrpcClientProxy.<init>(NamingGrpcClientProxy.java:89) ~[nacos-client-2.0.4.jar:na]
	at com.alibaba.nacos.client.naming.remote.NamingClientProxyDelegate.<init>(NamingClientProxyDelegate.java:76) ~[nacos-client-2.0.4.jar:na]
	at com.alibaba.nacos.client.naming.NacosNamingService.init(NacosNamingService.java:95) ~[nacos-client-2.0.4.jar:na]
	at com.alibaba.nacos.client.naming.NacosNamingService.<init>(NacosNamingService.java:81) ~[nacos-client-2.0.4.jar:na]
	at java.base/jdk.internal.reflect.NativeConstructorAccessorImpl.newInstance0(Native Method) ~[na:na]
	at java.base/jdk.internal.reflect.NativeConstructorAccessorImpl.newInstance(NativeConstructorAccessorImpl.java:62) ~[na:na]
	at java.base/jdk.internal.reflect.DelegatingConstructorAccessorImpl.newInstance(DelegatingConstructorAccessorImpl.java:45) ~[na:na]
	at java.base/java.lang.reflect.Constructor.newInstance(Constructor.java:490) ~[na:na]
	at com.alibaba.nacos.api.naming.NamingFactory.createNamingService(NamingFactory.java:59) ~[nacos-client-2.0.4.jar:na]
	at com.alibaba.nacos.api.NacosFactory.createNamingService(NacosFactory.java:77) ~[nacos-client-2.0.4.jar:na]
	at com.alibaba.cloud.nacos.NacosServiceManager.createNewNamingService(NacosServiceManager.java:99) ~[spring-cloud-starter-alibaba-nacos-discovery-2021.0.4.0.jar:2021.0.4.0]
	at com.alibaba.cloud.nacos.NacosServiceManager.buildNamingService(NacosServiceManager.java:90) ~[spring-cloud-starter-alibaba-nacos-discovery-2021.0.4.0.jar:2021.0.4.0]
	at com.alibaba.cloud.nacos.NacosServiceManager.getNamingService(NacosServiceManager.java:46) ~[spring-cloud-starter-alibaba-nacos-discovery-2021.0.4.0.jar:2021.0.4.0]
	at com.alibaba.cloud.nacos.discovery.NacosWatch.start(NacosWatch.java:130) ~[spring-cloud-starter-alibaba-nacos-discovery-2021.0.4.0.jar:2021.0.4.0]
	at org.springframework.context.support.DefaultLifecycleProcessor.doStart(DefaultLifecycleProcessor.java:178) ~[spring-context-5.3.27.jar:5.3.27]
	at org.springframework.context.support.DefaultLifecycleProcessor.access$200(DefaultLifecycleProcessor.java:54) ~[spring-context-5.3.27.jar:5.3.27]
	at org.springframework.context.support.DefaultLifecycleProcessor$LifecycleGroup.start(DefaultLifecycleProcessor.java:356) ~[spring-context-5.3.27.jar:5.3.27]
	at java.base/java.lang.Iterable.forEach(Iterable.java:75) ~[na:na]
	at org.springframework.context.support.DefaultLifecycleProcessor.startBeans(DefaultLifecycleProcessor.java:155) ~[spring-context-5.3.27.jar:5.3.27]
	at org.springframework.context.support.DefaultLifecycleProcessor.onRefresh(DefaultLifecycleProcessor.java:123) ~[spring-context-5.3.27.jar:5.3.27]
	at org.springframework.context.support.AbstractApplicationContext.finishRefresh(AbstractApplicationContext.java:937) ~[spring-context-5.3.27.jar:5.3.27]
	at org.springframework.context.support.AbstractApplicationContext.refresh(AbstractApplicationContext.java:586) ~[spring-context-5.3.27.jar:5.3.27]
	at org.springframework.boot.web.servlet.context.ServletWebServerApplicationContext.refresh(ServletWebServerApplicationContext.java:147) ~[spring-boot-2.7.12.jar:2.7.12]
	at org.springframework.boot.SpringApplication.refresh(SpringApplication.java:731) ~[spring-boot-2.7.12.jar:2.7.12]
	at org.springframework.boot.SpringApplication.refreshContext(SpringApplication.java:408) ~[spring-boot-2.7.12.jar:2.7.12]
	at org.springframework.boot.SpringApplication.run(SpringApplication.java:307) ~[spring-boot-2.7.12.jar:2.7.12]
	at org.springframework.boot.SpringApplication.run(SpringApplication.java:1303) ~[spring-boot-2.7.12.jar:2.7.12]
	at org.springframework.boot.SpringApplication.run(SpringApplication.java:1292) ~[spring-boot-2.7.12.jar:2.7.12]
	at com.hmall.item.ItemApplication.main(ItemApplication.java:11) ~[classes/:na]

11:17:27:558  INFO 56564 --- [main] com.alibaba.nacos.common.remote.client   : [71950fad-9501-4a06-aa3e-4836b7e3faf7] Try to connect to server on start up, server: {serverIp = '192.168.100.25', server main port = 8848}
11:17:27:731  INFO 56564 --- [main] com.alibaba.nacos.common.remote.client   : [71950fad-9501-4a06-aa3e-4836b7e3faf7] Success to connect to server [192.168.100.25:8848] on start up, connectionId = 1724815049117_192.168.100.18_4512
11:17:27:733  INFO 56564 --- [main] com.alibaba.nacos.common.remote.client   : [71950fad-9501-4a06-aa3e-4836b7e3faf7] Register server push request handler:com.alibaba.nacos.common.remote.client.RpcClient$ConnectResetRequestHandler
11:17:27:732  INFO 56564 --- [com.alibaba.nacos.client.remote.worker] com.alibaba.nacos.common.remote.client   : [71950fad-9501-4a06-aa3e-4836b7e3faf7] Notify connected event to listeners.
11:17:27:734  INFO 56564 --- [main] com.alibaba.nacos.common.remote.client   : [71950fad-9501-4a06-aa3e-4836b7e3faf7] Register server push request handler:com.alibaba.nacos.common.remote.client.RpcClient$$Lambda$1077/0x0000000800773c40
11:17:27:812  WARN 56564 --- [main] ConfigServletWebServerApplicationContext : Exception encountered during context initialization - cancelling refresh attempt: org.springframework.context.ApplicationContextException: Failed to start bean 'webServerStartStop'; nested exception is org.springframework.boot.web.server.PortInUseException: Port 8081 is already in use
11:17:28:386  INFO 56564 --- [nacos-grpc-client-executor-9] com.alibaba.nacos.common.remote.client   : [71950fad-9501-4a06-aa3e-4836b7e3faf7] Receive server push request, request = NotifySubscriberRequest, requestId = 4
11:17:28:388  INFO 56564 --- [nacos-grpc-client-executor-9] com.alibaba.nacos.common.remote.client   : [71950fad-9501-4a06-aa3e-4836b7e3faf7] Ack server push request, request = NotifySubscriberRequest, requestId = 4
11:17:28:488  INFO 56564 --- [main] com.alibaba.nacos.common.remote.client   : Shutdown rpc client, set status to shutdown
11:17:28:488  INFO 56564 --- [main] com.alibaba.nacos.common.remote.client   : Shutdown client event executor java.util.concurrent.ScheduledThreadPoolExecutor@740fccd2[Running, pool size = 2, active threads = 2, queued tasks = 0, completed tasks = 0]
11:17:28:489  INFO 56564 --- [main] com.alibaba.nacos.common.remote.client   : Close current connection 1724815049117_192.168.100.18_4512
11:17:28:489  INFO 56564 --- [main] c.a.n.c.remote.client.grpc.GrpcClient    : Shutdown grpc executor java.util.concurrent.ThreadPoolExecutor@1ae23815[Running, pool size = 10, active threads = 0, queued tasks = 0, completed tasks = 10]
11:17:28:493  INFO 56564 --- [main] com.alibaba.nacos.common.remote.client   : [RpcClientFactory] create a new rpc client of d37c2fe5-251d-4e01-b74f-55e9dd75f86a
11:17:28:493  INFO 56564 --- [main] com.alibaba.nacos.common.remote.client   : [d37c2fe5-251d-4e01-b74f-55e9dd75f86a] RpcClient init label, labels = {module=naming, source=sdk}
11:17:28:493  INFO 56564 --- [main] com.alibaba.nacos.common.remote.client   : [d37c2fe5-251d-4e01-b74f-55e9dd75f86a] RpcClient init, ServerListFactory = com.alibaba.nacos.client.naming.core.ServerListManager
11:17:28:494  INFO 56564 --- [main] com.alibaba.nacos.common.remote.client   : [d37c2fe5-251d-4e01-b74f-55e9dd75f86a] Registry connection listener to current client:com.alibaba.nacos.client.naming.remote.gprc.redo.NamingGrpcRedoService
11:17:28:494  INFO 56564 --- [main] com.alibaba.nacos.common.remote.client   : [d37c2fe5-251d-4e01-b74f-55e9dd75f86a] Register server push request handler:com.alibaba.nacos.client.naming.remote.gprc.NamingPushRequestHandler
11:17:28:494  INFO 56564 --- [grpc-nio-worker-ELG-1-4] c.a.n.s.i.g.i.AbstractClientStream       : Received trailers on closed stream:
 Metadata()
 {2}
11:17:28:494  INFO 56564 --- [main] com.alibaba.nacos.common.remote.client   : [d37c2fe5-251d-4e01-b74f-55e9dd75f86a] Try to connect to server on start up, server: {serverIp = '192.168.100.25', server main port = 8848}
11:17:28:627  INFO 56564 --- [main] com.alibaba.nacos.common.remote.client   : [d37c2fe5-251d-4e01-b74f-55e9dd75f86a] Success to connect to server [192.168.100.25:8848] on start up, connectionId = 1724815050054_192.168.100.18_4592
11:17:28:627  INFO 56564 --- [main] com.alibaba.nacos.common.remote.client   : [d37c2fe5-251d-4e01-b74f-55e9dd75f86a] Register server push request handler:com.alibaba.nacos.common.remote.client.RpcClient$ConnectResetRequestHandler
11:17:28:627  INFO 56564 --- [com.alibaba.nacos.client.remote.worker] com.alibaba.nacos.common.remote.client   : [d37c2fe5-251d-4e01-b74f-55e9dd75f86a] Notify connected event to listeners.
11:17:28:627  INFO 56564 --- [main] com.alibaba.nacos.common.remote.client   : [d37c2fe5-251d-4e01-b74f-55e9dd75f86a] Register server push request handler:com.alibaba.nacos.common.remote.client.RpcClient$$Lambda$1077/0x0000000800773c40
11:17:28:641  INFO 56564 --- [main] o.apache.catalina.core.StandardService   : Stopping service [Tomcat]
11:17:28:655  INFO 56564 --- [main] ConditionEvaluationReportLoggingListener : 

Error starting ApplicationContext. To display the conditions report re-run your application with 'debug' enabled.
11:17:28:686 ERROR 56564 --- [main] o.s.b.d.LoggingFailureAnalysisReporter   : 

***************************
APPLICATION FAILED TO START
***************************

Description:

Web server failed to start. Port 8081 was already in use.

Action:

Identify and stop the process that's listening on port 8081 or configure this application to listen on another port.

11:17:28:845  WARN 56564 --- [Thread-7] c.a.n.common.http.HttpClientBeanHolder   : [HttpClientBeanHolder] Start destroying common HttpClient
11:17:28:845  WARN 56564 --- [Thread-4] c.a.nacos.common.notify.NotifyCenter     : [NotifyCenter] Start destroying Publisher
11:17:28:845  WARN 56564 --- [Thread-4] c.a.nacos.common.notify.NotifyCenter     : [NotifyCenter] Destruction of the end
11:17:28:845  WARN 56564 --- [Thread-7] c.a.n.common.http.HttpClientBeanHolder   : [HttpClientBeanHolder] Destruction of the end
11:17:30:282  INFO 57156 --- [main] com.alibaba.nacos.common.remote.client   : [576b9032-dc07-432e-b89f-ec5461c318f6] Success to connect to server [192.168.100.25:8848] on start up, connectionId = 1724815051565_192.168.100.18_4696
11:17:30:288  INFO 57156 --- [main] com.alibaba.nacos.common.remote.client   : [576b9032-dc07-432e-b89f-ec5461c318f6] Register server push request handler:com.alibaba.nacos.common.remote.client.RpcClient$ConnectResetRequestHandler
11:17:30:288  INFO 57156 --- [main] com.alibaba.nacos.common.remote.client   : [576b9032-dc07-432e-b89f-ec5461c318f6] Register server push request handler:com.alibaba.nacos.common.remote.client.RpcClient$$Lambda$1077/0x0000000800773c40
11:17:30:287  INFO 57156 --- [com.alibaba.nacos.client.remote.worker] com.alibaba.nacos.common.remote.client   : [576b9032-dc07-432e-b89f-ec5461c318f6] Notify connected event to listeners.
11:17:30:396  INFO 57156 --- [main] o.s.b.w.embedded.tomcat.TomcatWebServer  : Tomcat started on port(s): 8083 (http) with context path ''
11:17:30:414  INFO 57156 --- [main] c.a.c.n.registry.NacosServiceRegistry    : nacos registry, DEFAULT_GROUP item-service 192.168.220.1:8083 register finished
11:17:30:904  INFO 57156 --- [nacos-grpc-client-executor-9] com.alibaba.nacos.common.remote.client   : [576b9032-dc07-432e-b89f-ec5461c318f6] Receive server push request, request = NotifySubscriberRequest, requestId = 5
11:17:30:907  INFO 57156 --- [nacos-grpc-client-executor-9] com.alibaba.nacos.common.remote.client   : [576b9032-dc07-432e-b89f-ec5461c318f6] Ack server push request, request = NotifySubscriberRequest, requestId = 5
11:17:33:340  INFO 57156 --- [main] o.s.cloud.commons.util.InetUtils         : Cannot determine local hostname
11:17:33:341  INFO 57156 --- [main] d.s.w.p.DocumentationPluginsBootstrapper : Documentation plugins bootstrapped
11:17:33:346  INFO 57156 --- [main] d.s.w.p.DocumentationPluginsBootstrapper : Found 1 custom documentation plugin(s)
11:17:33:376  INFO 57156 --- [main] s.d.s.w.s.ApiListingReferenceScanner     : Scanning for api listing references
11:17:33:491  INFO 57156 --- [main] com.hmall.item.ItemApplication           : Started ItemApplication in 26.778 seconds (JVM running for 28.616)
11:18:17:440  INFO 58256 --- [main] com.hmall.item.ItemApplication           : Starting ItemApplication using Java 11.0.19 on Carol with PID 58256 (D:\develop\javaproject\hmall\item-service\target\classes started by 19667 in D:\develop\javaproject\hmall)
11:18:17:441 DEBUG 58256 --- [main] com.hmall.item.ItemApplication           : Running with Spring Boot v2.7.12, Spring v5.3.27
11:18:17:442  INFO 58256 --- [main] com.hmall.item.ItemApplication           : The following 1 profile is active: "local"
11:18:18:237  INFO 58256 --- [main] .s.d.r.c.RepositoryConfigurationDelegate : Multiple Spring Data modules found, entering strict repository configuration mode
11:18:18:240  INFO 58256 --- [main] .s.d.r.c.RepositoryConfigurationDelegate : Bootstrapping Spring Data Redis repositories in DEFAULT mode.
11:18:18:268  INFO 58256 --- [main] .s.d.r.c.RepositoryConfigurationDelegate : Finished Spring Data repository scanning in 10 ms. Found 0 Redis repository interfaces.
11:18:18:492  INFO 58256 --- [main] o.s.cloud.context.scope.GenericScope     : BeanFactory id=29b22938-8a52-3887-9be7-ce8fc9bd8af1
11:18:18:867  INFO 58256 --- [main] o.s.b.w.embedded.tomcat.TomcatWebServer  : Tomcat initialized with port(s): 8081 (http)
11:18:18:879  INFO 58256 --- [main] o.apache.catalina.core.StandardService   : Starting service [Tomcat]
11:18:18:879  INFO 58256 --- [main] org.apache.catalina.core.StandardEngine  : Starting Servlet engine: [Apache Tomcat/9.0.75]
11:18:19:046  INFO 58256 --- [main] o.a.c.c.C.[Tomcat].[localhost].[/]       : Initializing Spring embedded WebApplicationContext
11:18:19:046  INFO 58256 --- [main] w.s.c.ServletWebServerApplicationContext : Root WebApplicationContext: initialization completed in 1570 ms
11:18:23:692  INFO 58256 --- [main] o.s.cloud.commons.util.InetUtils         : Cannot determine local hostname
11:18:23:751  INFO 58256 --- [main] pertySourcedRequestMappingHandlerMapping : Mapped URL path [/v2/api-docs] onto method [springfox.documentation.swagger2.web.Swagger2ControllerWebMvc#getDocumentation(String, HttpServletRequest)]
11:18:26:020  INFO 58256 --- [main] o.s.cloud.commons.util.InetUtils         : Cannot determine local hostname
11:18:26:217  INFO 58256 --- [main] com.alibaba.nacos.common.remote.client   : [RpcClientFactory] create a new rpc client of d2d543f9-dce0-43e2-9fb5-45d8183acde2
11:18:26:270  INFO 58256 --- [main] org.reflections.Reflections              : Reflections took 21 ms to scan 1 urls, producing 3 keys and 6 values 
11:18:26:296  INFO 58256 --- [main] org.reflections.Reflections              : Reflections took 7 ms to scan 1 urls, producing 4 keys and 9 values 
11:18:26:305  INFO 58256 --- [main] org.reflections.Reflections              : Reflections took 6 ms to scan 1 urls, producing 3 keys and 10 values 
11:18:26:308  WARN 58256 --- [main] org.reflections.Reflections              : given scan urls are empty. set urls in the configuration
11:18:26:314  INFO 58256 --- [main] org.reflections.Reflections              : Reflections took 6 ms to scan 1 urls, producing 1 keys and 5 values 
11:18:26:324  INFO 58256 --- [main] org.reflections.Reflections              : Reflections took 7 ms to scan 1 urls, producing 1 keys and 7 values 
11:18:26:332  INFO 58256 --- [main] org.reflections.Reflections              : Reflections took 5 ms to scan 1 urls, producing 2 keys and 8 values 
11:18:26:335  WARN 58256 --- [main] org.reflections.Reflections              : given scan urls are empty. set urls in the configuration
11:18:26:336  INFO 58256 --- [main] com.alibaba.nacos.common.remote.client   : [d2d543f9-dce0-43e2-9fb5-45d8183acde2] RpcClient init label, labels = {module=naming, source=sdk}
11:18:26:339  INFO 58256 --- [main] com.alibaba.nacos.common.remote.client   : [d2d543f9-dce0-43e2-9fb5-45d8183acde2] RpcClient init, ServerListFactory = com.alibaba.nacos.client.naming.core.ServerListManager
11:18:26:339  INFO 58256 --- [main] com.alibaba.nacos.common.remote.client   : [d2d543f9-dce0-43e2-9fb5-45d8183acde2] Registry connection listener to current client:com.alibaba.nacos.client.naming.remote.gprc.redo.NamingGrpcRedoService
11:18:26:340  INFO 58256 --- [main] com.alibaba.nacos.common.remote.client   : [d2d543f9-dce0-43e2-9fb5-45d8183acde2] Register server push request handler:com.alibaba.nacos.client.naming.remote.gprc.NamingPushRequestHandler
11:18:26:342  INFO 58256 --- [main] com.alibaba.nacos.common.remote.client   : [d2d543f9-dce0-43e2-9fb5-45d8183acde2] Try to connect to server on start up, server: {serverIp = '192.168.100.25', server main port = 8848}
11:18:29:215  INFO 58256 --- [main] com.alibaba.nacos.common.remote.client   : [d2d543f9-dce0-43e2-9fb5-45d8183acde2] Success to connect to server [192.168.100.25:8848] on start up, connectionId = 1724815110550_192.168.100.18_7842
11:18:29:216  INFO 58256 --- [com.alibaba.nacos.client.remote.worker] com.alibaba.nacos.common.remote.client   : [d2d543f9-dce0-43e2-9fb5-45d8183acde2] Notify connected event to listeners.
11:18:29:217  INFO 58256 --- [main] com.alibaba.nacos.common.remote.client   : [d2d543f9-dce0-43e2-9fb5-45d8183acde2] Register server push request handler:com.alibaba.nacos.common.remote.client.RpcClient$ConnectResetRequestHandler
11:18:29:218  INFO 58256 --- [main] com.alibaba.nacos.common.remote.client   : [d2d543f9-dce0-43e2-9fb5-45d8183acde2] Register server push request handler:com.alibaba.nacos.common.remote.client.RpcClient$$Lambda$1077/0x0000000800774440
11:18:29:259  WARN 58256 --- [main] ConfigServletWebServerApplicationContext : Exception encountered during context initialization - cancelling refresh attempt: org.springframework.context.ApplicationContextException: Failed to start bean 'webServerStartStop'; nested exception is org.springframework.boot.web.server.PortInUseException: Port 8081 is already in use
11:18:29:762  INFO 58256 --- [nacos-grpc-client-executor-8] com.alibaba.nacos.common.remote.client   : [d2d543f9-dce0-43e2-9fb5-45d8183acde2] Receive server push request, request = NotifySubscriberRequest, requestId = 9
11:18:29:764  INFO 58256 --- [nacos-grpc-client-executor-8] com.alibaba.nacos.common.remote.client   : [d2d543f9-dce0-43e2-9fb5-45d8183acde2] Ack server push request, request = NotifySubscriberRequest, requestId = 9
11:18:29:924  INFO 58256 --- [main] com.alibaba.nacos.common.remote.client   : Shutdown rpc client, set status to shutdown
11:18:29:925  INFO 58256 --- [main] com.alibaba.nacos.common.remote.client   : Shutdown client event executor java.util.concurrent.ScheduledThreadPoolExecutor@47f416d0[Running, pool size = 2, active threads = 2, queued tasks = 0, completed tasks = 0]
11:18:29:925  INFO 58256 --- [main] com.alibaba.nacos.common.remote.client   : Close current connection 1724815110550_192.168.100.18_7842
11:18:29:927  INFO 58256 --- [nacos-grpc-client-executor-9] c.a.n.c.remote.client.grpc.GrpcClient    : [1724815110550_192.168.100.18_7842]Ignore complete event,isRunning:false,isAbandon=false
11:18:29:930  INFO 58256 --- [main] c.a.n.c.remote.client.grpc.GrpcClient    : Shutdown grpc executor java.util.concurrent.ThreadPoolExecutor@1640a6b5[Running, pool size = 10, active threads = 0, queued tasks = 0, completed tasks = 10]
11:18:29:932  INFO 58256 --- [main] com.alibaba.nacos.common.remote.client   : [RpcClientFactory] create a new rpc client of 3c4f50f7-dcea-41f4-a45c-e10b8c8b4693
11:18:29:932  INFO 58256 --- [main] com.alibaba.nacos.common.remote.client   : [3c4f50f7-dcea-41f4-a45c-e10b8c8b4693] RpcClient init label, labels = {module=naming, source=sdk}
11:18:29:932  INFO 58256 --- [main] com.alibaba.nacos.common.remote.client   : [3c4f50f7-dcea-41f4-a45c-e10b8c8b4693] RpcClient init, ServerListFactory = com.alibaba.nacos.client.naming.core.ServerListManager
11:18:29:932  INFO 58256 --- [main] com.alibaba.nacos.common.remote.client   : [3c4f50f7-dcea-41f4-a45c-e10b8c8b4693] Registry connection listener to current client:com.alibaba.nacos.client.naming.remote.gprc.redo.NamingGrpcRedoService
11:18:29:933  INFO 58256 --- [main] com.alibaba.nacos.common.remote.client   : [3c4f50f7-dcea-41f4-a45c-e10b8c8b4693] Register server push request handler:com.alibaba.nacos.client.naming.remote.gprc.NamingPushRequestHandler
11:18:29:933  INFO 58256 --- [main] com.alibaba.nacos.common.remote.client   : [3c4f50f7-dcea-41f4-a45c-e10b8c8b4693] Try to connect to server on start up, server: {serverIp = '192.168.100.25', server main port = 8848}
11:18:30:062  INFO 58256 --- [main] com.alibaba.nacos.common.remote.client   : [3c4f50f7-dcea-41f4-a45c-e10b8c8b4693] Success to connect to server [192.168.100.25:8848] on start up, connectionId = 1724815111490_192.168.100.18_7866
11:18:30:062  INFO 58256 --- [main] com.alibaba.nacos.common.remote.client   : [3c4f50f7-dcea-41f4-a45c-e10b8c8b4693] Register server push request handler:com.alibaba.nacos.common.remote.client.RpcClient$ConnectResetRequestHandler
11:18:30:062  INFO 58256 --- [com.alibaba.nacos.client.remote.worker] com.alibaba.nacos.common.remote.client   : [3c4f50f7-dcea-41f4-a45c-e10b8c8b4693] Notify connected event to listeners.
11:18:30:062  INFO 58256 --- [main] com.alibaba.nacos.common.remote.client   : [3c4f50f7-dcea-41f4-a45c-e10b8c8b4693] Register server push request handler:com.alibaba.nacos.common.remote.client.RpcClient$$Lambda$1077/0x0000000800774440
11:18:30:075  INFO 58256 --- [main] o.apache.catalina.core.StandardService   : Stopping service [Tomcat]
11:18:30:087  INFO 58256 --- [main] ConditionEvaluationReportLoggingListener : 

Error starting ApplicationContext. To display the conditions report re-run your application with 'debug' enabled.
11:18:30:104 ERROR 58256 --- [main] o.s.b.d.LoggingFailureAnalysisReporter   : 

***************************
APPLICATION FAILED TO START
***************************

Description:

Web server failed to start. Port 8081 was already in use.

Action:

Identify and stop the process that's listening on port 8081 or configure this application to listen on another port.

11:18:30:278  WARN 58256 --- [Thread-7] c.a.n.common.http.HttpClientBeanHolder   : [HttpClientBeanHolder] Start destroying common HttpClient
11:18:30:278  WARN 58256 --- [Thread-4] c.a.nacos.common.notify.NotifyCenter     : [NotifyCenter] Start destroying Publisher
11:18:30:279  WARN 58256 --- [Thread-4] c.a.nacos.common.notify.NotifyCenter     : [NotifyCenter] Destruction of the end
11:18:30:279  WARN 58256 --- [Thread-7] c.a.n.common.http.HttpClientBeanHolder   : [HttpClientBeanHolder] Destruction of the end
11:19:53:972  INFO 58160 --- [main] com.hmall.item.ItemApplication           : Starting ItemApplication using Java 11.0.19 on Carol with PID 58160 (D:\develop\javaproject\hmall\item-service\target\classes started by 19667 in D:\develop\javaproject\hmall)
11:19:53:974 DEBUG 58160 --- [main] com.hmall.item.ItemApplication           : Running with Spring Boot v2.7.12, Spring v5.3.27
11:19:53:975  INFO 58160 --- [main] com.hmall.item.ItemApplication           : The following 1 profile is active: "local"
11:19:54:791  INFO 58160 --- [main] .s.d.r.c.RepositoryConfigurationDelegate : Multiple Spring Data modules found, entering strict repository configuration mode
11:19:54:793  INFO 58160 --- [main] .s.d.r.c.RepositoryConfigurationDelegate : Bootstrapping Spring Data Redis repositories in DEFAULT mode.
11:19:54:823  INFO 58160 --- [main] .s.d.r.c.RepositoryConfigurationDelegate : Finished Spring Data repository scanning in 11 ms. Found 0 Redis repository interfaces.
11:19:55:018  INFO 58160 --- [main] o.s.cloud.context.scope.GenericScope     : BeanFactory id=29b22938-8a52-3887-9be7-ce8fc9bd8af1
11:19:55:373  INFO 58160 --- [main] o.s.b.w.embedded.tomcat.TomcatWebServer  : Tomcat initialized with port(s): 8081 (http)
11:19:55:384  INFO 58160 --- [main] o.apache.catalina.core.StandardService   : Starting service [Tomcat]
11:19:55:384  INFO 58160 --- [main] org.apache.catalina.core.StandardEngine  : Starting Servlet engine: [Apache Tomcat/9.0.75]
11:19:55:545  INFO 58160 --- [main] o.a.c.c.C.[Tomcat].[localhost].[/]       : Initializing Spring embedded WebApplicationContext
11:19:55:545  INFO 58160 --- [main] w.s.c.ServletWebServerApplicationContext : Root WebApplicationContext: initialization completed in 1535 ms
11:20:00:422  INFO 58160 --- [main] o.s.cloud.commons.util.InetUtils         : Cannot determine local hostname
11:20:00:470  INFO 58160 --- [main] pertySourcedRequestMappingHandlerMapping : Mapped URL path [/v2/api-docs] onto method [springfox.documentation.swagger2.web.Swagger2ControllerWebMvc#getDocumentation(String, HttpServletRequest)]
11:20:02:719  INFO 58160 --- [main] o.s.cloud.commons.util.InetUtils         : Cannot determine local hostname
11:20:02:930  INFO 58160 --- [main] com.alibaba.nacos.common.remote.client   : [RpcClientFactory] create a new rpc client of 4d21ba2a-6eff-43c0-87a5-3e65ec79db19
11:20:02:975  INFO 58160 --- [main] org.reflections.Reflections              : Reflections took 21 ms to scan 1 urls, producing 3 keys and 6 values 
11:20:03:002  INFO 58160 --- [main] org.reflections.Reflections              : Reflections took 7 ms to scan 1 urls, producing 4 keys and 9 values 
11:20:03:011  INFO 58160 --- [main] org.reflections.Reflections              : Reflections took 5 ms to scan 1 urls, producing 3 keys and 10 values 
11:20:03:014  WARN 58160 --- [main] org.reflections.Reflections              : given scan urls are empty. set urls in the configuration
11:20:03:019  INFO 58160 --- [main] org.reflections.Reflections              : Reflections took 5 ms to scan 1 urls, producing 1 keys and 5 values 
11:20:03:027  INFO 58160 --- [main] org.reflections.Reflections              : Reflections took 6 ms to scan 1 urls, producing 1 keys and 7 values 
11:20:03:035  INFO 58160 --- [main] org.reflections.Reflections              : Reflections took 5 ms to scan 1 urls, producing 2 keys and 8 values 
11:20:03:039  WARN 58160 --- [main] org.reflections.Reflections              : given scan urls are empty. set urls in the configuration
11:20:03:041  INFO 58160 --- [main] com.alibaba.nacos.common.remote.client   : [4d21ba2a-6eff-43c0-87a5-3e65ec79db19] RpcClient init label, labels = {module=naming, source=sdk}
11:20:03:043  INFO 58160 --- [main] com.alibaba.nacos.common.remote.client   : [4d21ba2a-6eff-43c0-87a5-3e65ec79db19] RpcClient init, ServerListFactory = com.alibaba.nacos.client.naming.core.ServerListManager
11:20:03:043  INFO 58160 --- [main] com.alibaba.nacos.common.remote.client   : [4d21ba2a-6eff-43c0-87a5-3e65ec79db19] Registry connection listener to current client:com.alibaba.nacos.client.naming.remote.gprc.redo.NamingGrpcRedoService
11:20:03:044  INFO 58160 --- [main] com.alibaba.nacos.common.remote.client   : [4d21ba2a-6eff-43c0-87a5-3e65ec79db19] Register server push request handler:com.alibaba.nacos.client.naming.remote.gprc.NamingPushRequestHandler
11:20:03:045  INFO 58160 --- [main] com.alibaba.nacos.common.remote.client   : [4d21ba2a-6eff-43c0-87a5-3e65ec79db19] Try to connect to server on start up, server: {serverIp = '192.168.100.25', server main port = 8848}
11:20:06:119  INFO 58160 --- [main] com.alibaba.nacos.common.remote.client   : [4d21ba2a-6eff-43c0-87a5-3e65ec79db19] Success to connect to server [192.168.100.25:8848] on start up, connectionId = 1724815207436_192.168.100.18_8010
11:20:06:120  INFO 58160 --- [com.alibaba.nacos.client.remote.worker] com.alibaba.nacos.common.remote.client   : [4d21ba2a-6eff-43c0-87a5-3e65ec79db19] Notify connected event to listeners.
11:20:06:121  INFO 58160 --- [main] com.alibaba.nacos.common.remote.client   : [4d21ba2a-6eff-43c0-87a5-3e65ec79db19] Register server push request handler:com.alibaba.nacos.common.remote.client.RpcClient$ConnectResetRequestHandler
11:20:06:122  INFO 58160 --- [main] com.alibaba.nacos.common.remote.client   : [4d21ba2a-6eff-43c0-87a5-3e65ec79db19] Register server push request handler:com.alibaba.nacos.common.remote.client.RpcClient$$Lambda$1077/0x0000000800773c40
11:20:06:204  INFO 58160 --- [main] o.s.b.w.embedded.tomcat.TomcatWebServer  : Tomcat started on port(s): 8081 (http) with context path ''
11:20:06:218  INFO 58160 --- [main] c.a.c.n.registry.NacosServiceRegistry    : nacos registry, DEFAULT_GROUP item-service 192.168.220.1:8081 register finished
11:20:06:687  INFO 57156 --- [nacos-grpc-client-executor-66] com.alibaba.nacos.common.remote.client   : [576b9032-dc07-432e-b89f-ec5461c318f6] Receive server push request, request = NotifySubscriberRequest, requestId = 10
11:20:06:690  INFO 57156 --- [nacos-grpc-client-executor-66] com.alibaba.nacos.common.remote.client   : [576b9032-dc07-432e-b89f-ec5461c318f6] Ack server push request, request = NotifySubscriberRequest, requestId = 10
11:20:06:702  INFO 58160 --- [nacos-grpc-client-executor-9] com.alibaba.nacos.common.remote.client   : [4d21ba2a-6eff-43c0-87a5-3e65ec79db19] Receive server push request, request = NotifySubscriberRequest, requestId = 11
11:20:06:703  INFO 58160 --- [nacos-grpc-client-executor-9] com.alibaba.nacos.common.remote.client   : [4d21ba2a-6eff-43c0-87a5-3e65ec79db19] Ack server push request, request = NotifySubscriberRequest, requestId = 11
11:20:08:205  INFO 58160 --- [main] o.s.cloud.commons.util.InetUtils         : Cannot determine local hostname
11:20:08:207  INFO 58160 --- [main] d.s.w.p.DocumentationPluginsBootstrapper : Documentation plugins bootstrapped
11:20:08:210  INFO 58160 --- [main] d.s.w.p.DocumentationPluginsBootstrapper : Found 1 custom documentation plugin(s)
11:20:08:242  INFO 58160 --- [main] s.d.s.w.s.ApiListingReferenceScanner     : Scanning for api listing references
11:20:08:371  INFO 58160 --- [main] com.hmall.item.ItemApplication           : Started ItemApplication in 17.062 seconds (JVM running for 18.674)
11:21:18:015  INFO 57156 --- [http-nio-8083-exec-1] o.a.c.c.C.[Tomcat].[localhost].[/]       : Initializing Spring DispatcherServlet 'dispatcherServlet'
11:21:18:016  INFO 57156 --- [http-nio-8083-exec-1] o.s.web.servlet.DispatcherServlet        : Initializing Servlet 'dispatcherServlet'
11:21:18:021  INFO 57156 --- [http-nio-8083-exec-1] o.s.web.servlet.DispatcherServlet        : Completed initialization in 5 ms
11:21:18:335  INFO 57156 --- [http-nio-8083-exec-1] com.zaxxer.hikari.HikariDataSource       : HikariPool-1 - Starting...
11:21:18:753  INFO 57156 --- [http-nio-8083-exec-1] com.zaxxer.hikari.HikariDataSource       : HikariPool-1 - Start completed.
11:21:18:761 DEBUG 57156 --- [http-nio-8083-exec-1] c.h.i.m.ItemMapper.selectPage_mpCount    : ==>  Preparing: SELECT COUNT(*) FROM item WHERE (status = ?)
11:21:18:786 DEBUG 57156 --- [http-nio-8083-exec-1] c.h.i.m.ItemMapper.selectPage_mpCount    : ==> Parameters: 1(Integer)
11:21:18:912 DEBUG 57156 --- [http-nio-8083-exec-1] c.h.i.m.ItemMapper.selectPage_mpCount    : <==      Total: 1
11:21:18:925 DEBUG 57156 --- [http-nio-8083-exec-1] c.h.item.mapper.ItemMapper.selectPage    : ==>  Preparing: SELECT id, name, price, stock, image, category, brand, spec, sold, comment_count, isAD, status, create_time, update_time, creater, updater FROM item WHERE (status = ?) ORDER BY update_time DESC LIMIT ?
11:21:18:926 DEBUG 57156 --- [http-nio-8083-exec-1] c.h.item.mapper.ItemMapper.selectPage    : ==> Parameters: 1(Integer), 20(Long)
11:21:18:968 DEBUG 57156 --- [http-nio-8083-exec-1] c.h.item.mapper.ItemMapper.selectPage    : <==      Total: 20
11:21:51:553 DEBUG 57156 --- [http-nio-8083-exec-2] c.h.i.mapper.ItemMapper.selectBatchIds   : ==>  Preparing: SELECT id,name,price,stock,image,category,brand,spec,sold,comment_count,isAD,status,create_time,update_time,creater,updater FROM item WHERE id IN ( ? )
11:21:51:553 DEBUG 57156 --- [http-nio-8083-exec-2] c.h.i.mapper.ItemMapper.selectBatchIds   : ==> Parameters: 100000006163(Long)
11:21:51:560 DEBUG 57156 --- [http-nio-8083-exec-2] c.h.i.mapper.ItemMapper.selectBatchIds   : <==      Total: 1
11:21:56:955  INFO 58160 --- [http-nio-8081-exec-1] o.a.c.c.C.[Tomcat].[localhost].[/]       : Initializing Spring DispatcherServlet 'dispatcherServlet'
11:21:56:956  INFO 58160 --- [http-nio-8081-exec-1] o.s.web.servlet.DispatcherServlet        : Initializing Servlet 'dispatcherServlet'
11:21:56:957  INFO 58160 --- [http-nio-8081-exec-1] o.s.web.servlet.DispatcherServlet        : Completed initialization in 1 ms
11:21:57:017  INFO 58160 --- [http-nio-8081-exec-1] com.zaxxer.hikari.HikariDataSource       : HikariPool-1 - Starting...
11:21:57:285  INFO 58160 --- [http-nio-8081-exec-1] com.zaxxer.hikari.HikariDataSource       : HikariPool-1 - Start completed.
11:21:57:290 DEBUG 58160 --- [http-nio-8081-exec-1] c.h.i.mapper.ItemMapper.selectBatchIds   : ==>  Preparing: SELECT id,name,price,stock,image,category,brand,spec,sold,comment_count,isAD,status,create_time,update_time,creater,updater FROM item WHERE id IN ( ? )
11:21:57:311 DEBUG 58160 --- [http-nio-8081-exec-1] c.h.i.mapper.ItemMapper.selectBatchIds   : ==> Parameters: 100000006163(Long)
11:21:57:338 DEBUG 58160 --- [http-nio-8081-exec-1] c.h.i.mapper.ItemMapper.selectBatchIds   : <==      Total: 1
11:21:57:607 DEBUG 57156 --- [http-nio-8083-exec-3] c.h.i.mapper.ItemMapper.selectBatchIds   : ==>  Preparing: SELECT id,name,price,stock,image,category,brand,spec,sold,comment_count,isAD,status,create_time,update_time,creater,updater FROM item WHERE id IN ( ? )
11:21:57:608 DEBUG 57156 --- [http-nio-8083-exec-3] c.h.i.mapper.ItemMapper.selectBatchIds   : ==> Parameters: 100000006163(Long)
11:21:57:610 DEBUG 57156 --- [http-nio-8083-exec-3] c.h.i.mapper.ItemMapper.selectBatchIds   : <==      Total: 1
11:22:00:418 DEBUG 58160 --- [http-nio-8081-exec-2] c.h.i.mapper.ItemMapper.selectBatchIds   : ==>  Preparing: SELECT id,name,price,stock,image,category,brand,spec,sold,comment_count,isAD,status,create_time,update_time,creater,updater FROM item WHERE id IN ( ? )
11:22:00:418 DEBUG 58160 --- [http-nio-8081-exec-2] c.h.i.mapper.ItemMapper.selectBatchIds   : ==> Parameters: 100000006163(Long)
11:22:00:422 DEBUG 58160 --- [http-nio-8081-exec-2] c.h.i.mapper.ItemMapper.selectBatchIds   : <==      Total: 1
