11:17:24:125  INFO 57832 --- [main] com.hmall.user.UserApplication           : Starting UserApplication using Java 11.0.19 on Carol with PID 57832 (D:\develop\javaproject\hmall\user-service\target\classes started by 19667 in D:\develop\javaproject\hmall)
11:17:24:130 DEBUG 57832 --- [main] com.hmall.user.UserApplication           : Running with Spring Boot v2.7.12, Spring v5.3.27
11:17:24:130  INFO 57832 --- [main] com.hmall.user.UserApplication           : The following 1 profile is active: "local"
11:17:25:215  INFO 57832 --- [main] .s.d.r.c.RepositoryConfigurationDelegate : Multiple Spring Data modules found, entering strict repository configuration mode
11:17:25:220  INFO 57832 --- [main] .s.d.r.c.RepositoryConfigurationDelegate : Bootstrapping Spring Data Redis repositories in DEFAULT mode.
11:17:25:258  INFO 57832 --- [main] .s.d.r.c.RepositoryConfigurationDelegate : Finished Spring Data repository scanning in 16 ms. Found 0 Redis repository interfaces.
11:17:25:586  INFO 57832 --- [main] o.s.cloud.context.scope.GenericScope     : BeanFactory id=bd996165-22a3-3785-83da-09d767a8195a
11:17:26:088  INFO 57832 --- [main] o.s.b.w.embedded.tomcat.TomcatWebServer  : Tomcat initialized with port(s): 8084 (http)
11:17:26:102  INFO 57832 --- [main] o.apache.catalina.core.StandardService   : Starting service [Tomcat]
11:17:26:103  INFO 57832 --- [main] org.apache.catalina.core.StandardEngine  : Starting Servlet engine: [Apache Tomcat/9.0.75]
11:17:26:316  INFO 57832 --- [main] o.a.c.c.C.[Tomcat].[localhost].[/]       : Initializing Spring embedded WebApplicationContext
11:17:26:316  INFO 57832 --- [main] w.s.c.ServletWebServerApplicationContext : Root WebApplicationContext: initialization completed in 2140 ms
11:17:34:422  INFO 57832 --- [main] o.s.cloud.commons.util.InetUtils         : Cannot determine local hostname
11:17:34:453  INFO 57832 --- [main] pertySourcedRequestMappingHandlerMapping : Mapped URL path [/v2/api-docs] onto method [springfox.documentation.swagger2.web.Swagger2ControllerWebMvc#getDocumentation(String, HttpServletRequest)]
11:17:37:493  INFO 57832 --- [main] o.s.cloud.commons.util.InetUtils         : Cannot determine local hostname
11:17:37:684  INFO 57832 --- [main] com.alibaba.nacos.common.remote.client   : [RpcClientFactory] create a new rpc client of d96d63cb-6008-4499-86c7-e11fda428ef2
11:17:37:745  INFO 57832 --- [main] org.reflections.Reflections              : Reflections took 36 ms to scan 1 urls, producing 3 keys and 6 values 
11:17:37:778  INFO 57832 --- [main] org.reflections.Reflections              : Reflections took 11 ms to scan 1 urls, producing 4 keys and 9 values 
11:17:37:791  INFO 57832 --- [main] org.reflections.Reflections              : Reflections took 8 ms to scan 1 urls, producing 3 keys and 10 values 
11:17:37:794  WARN 57832 --- [main] org.reflections.Reflections              : given scan urls are empty. set urls in the configuration
11:17:37:800  INFO 57832 --- [main] org.reflections.Reflections              : Reflections took 5 ms to scan 1 urls, producing 1 keys and 5 values 
11:17:37:810  INFO 57832 --- [main] org.reflections.Reflections              : Reflections took 6 ms to scan 1 urls, producing 1 keys and 7 values 
11:17:37:819  INFO 57832 --- [main] org.reflections.Reflections              : Reflections took 6 ms to scan 1 urls, producing 2 keys and 8 values 
11:17:37:822  WARN 57832 --- [main] org.reflections.Reflections              : given scan urls are empty. set urls in the configuration
11:17:37:823  INFO 57832 --- [main] com.alibaba.nacos.common.remote.client   : [d96d63cb-6008-4499-86c7-e11fda428ef2] RpcClient init label, labels = {module=naming, source=sdk}
11:17:37:825  INFO 57832 --- [main] com.alibaba.nacos.common.remote.client   : [d96d63cb-6008-4499-86c7-e11fda428ef2] RpcClient init, ServerListFactory = com.alibaba.nacos.client.naming.core.ServerListManager
11:17:37:825  INFO 57832 --- [main] com.alibaba.nacos.common.remote.client   : [d96d63cb-6008-4499-86c7-e11fda428ef2] Registry connection listener to current client:com.alibaba.nacos.client.naming.remote.gprc.redo.NamingGrpcRedoService
11:17:37:845  INFO 57832 --- [main] com.alibaba.nacos.common.remote.client   : [d96d63cb-6008-4499-86c7-e11fda428ef2] Register server push request handler:com.alibaba.nacos.client.naming.remote.gprc.NamingPushRequestHandler
11:17:37:847  INFO 57832 --- [main] com.alibaba.nacos.common.remote.client   : [d96d63cb-6008-4499-86c7-e11fda428ef2] Try to connect to server on start up, server: {serverIp = '192.168.100.25', server main port = 8848}
11:17:41:819  INFO 57832 --- [main] com.alibaba.nacos.common.remote.client   : [d96d63cb-6008-4499-86c7-e11fda428ef2] Success to connect to server [192.168.100.25:8848] on start up, connectionId = 1724815063157_192.168.100.18_5407
11:17:41:821  INFO 57832 --- [com.alibaba.nacos.client.remote.worker] com.alibaba.nacos.common.remote.client   : [d96d63cb-6008-4499-86c7-e11fda428ef2] Notify connected event to listeners.
11:17:41:822  INFO 57832 --- [main] com.alibaba.nacos.common.remote.client   : [d96d63cb-6008-4499-86c7-e11fda428ef2] Register server push request handler:com.alibaba.nacos.common.remote.client.RpcClient$ConnectResetRequestHandler
11:17:41:822  INFO 57832 --- [main] com.alibaba.nacos.common.remote.client   : [d96d63cb-6008-4499-86c7-e11fda428ef2] Register server push request handler:com.alibaba.nacos.common.remote.client.RpcClient$$Lambda$1093/0x00000008007dd440
11:17:41:889  INFO 57832 --- [main] o.s.b.w.embedded.tomcat.TomcatWebServer  : Tomcat started on port(s): 8084 (http) with context path ''
11:17:41:905  INFO 57832 --- [main] c.a.c.n.registry.NacosServiceRegistry    : nacos registry, DEFAULT_GROUP user-service 192.168.220.1:8084 register finished
11:17:42:452  INFO 57832 --- [nacos-grpc-client-executor-10] com.alibaba.nacos.common.remote.client   : [d96d63cb-6008-4499-86c7-e11fda428ef2] Receive server push request, request = NotifySubscriberRequest, requestId = 8
11:17:42:455  INFO 57832 --- [nacos-grpc-client-executor-10] com.alibaba.nacos.common.remote.client   : [d96d63cb-6008-4499-86c7-e11fda428ef2] Ack server push request, request = NotifySubscriberRequest, requestId = 8
11:17:44:000  INFO 57832 --- [main] o.s.cloud.commons.util.InetUtils         : Cannot determine local hostname
11:17:44:001  INFO 57832 --- [main] d.s.w.p.DocumentationPluginsBootstrapper : Documentation plugins bootstrapped
11:17:44:003  INFO 57832 --- [main] d.s.w.p.DocumentationPluginsBootstrapper : Found 1 custom documentation plugin(s)
11:17:44:023  INFO 57832 --- [main] s.d.s.w.s.ApiListingReferenceScanner     : Scanning for api listing references
11:17:44:115  INFO 57832 --- [main] com.hmall.user.UserApplication           : Started UserApplication in 23.308 seconds (JVM running for 25.881)
11:21:49:180  INFO 57832 --- [http-nio-8084-exec-1] o.a.c.c.C.[Tomcat].[localhost].[/]       : Initializing Spring DispatcherServlet 'dispatcherServlet'
11:21:49:204  INFO 57832 --- [http-nio-8084-exec-1] o.s.web.servlet.DispatcherServlet        : Initializing Servlet 'dispatcherServlet'
11:21:49:229  INFO 57832 --- [http-nio-8084-exec-1] o.s.web.servlet.DispatcherServlet        : Completed initialization in 24 ms
11:21:49:468  INFO 57832 --- [http-nio-8084-exec-1] com.zaxxer.hikari.HikariDataSource       : HikariPool-1 - Starting...
11:21:49:781  INFO 57832 --- [http-nio-8084-exec-1] com.zaxxer.hikari.HikariDataSource       : HikariPool-1 - Start completed.
11:21:49:789 DEBUG 57832 --- [http-nio-8084-exec-1] c.h.user.mapper.UserMapper.selectOne     : ==>  Preparing: SELECT id,username,password,phone,create_time,update_time,status,balance FROM user WHERE (username = ?)
11:21:49:810 DEBUG 57832 --- [http-nio-8084-exec-1] c.h.user.mapper.UserMapper.selectOne     : ==> Parameters: Jack(String)
11:21:49:843 DEBUG 57832 --- [http-nio-8084-exec-1] c.h.user.mapper.UserMapper.selectOne     : <==      Total: 1
